2022-11-30 19:44:21,180 [Worker-6: Loading available Gradle versions] INFO  o.e.b.c.i.u.g.PublishedGradleVersions - Gradle version information cache is up-to-date. Trying to read.
2022-11-30 19:47:55,769 [Worker-8: Import Getting Started Content] INFO  o.e.m.c.i.l.LifecycleMappingFactory - Using org.eclipse.m2e.jdt.JarLifecycleMapping lifecycle mapping for MavenProject: com.alandev:WebServices:0.0.1-SNAPSHOT @ C:\Projeto-SpringBoot-Webservices\WebServices\pom.xml.
2022-11-30 19:47:58,671 [Worker-8: Import Getting Started Content] INFO  o.e.m.j.i.AbstractJavaProjectConfigurator - Adding source folder /WebServices/src/main/java
2022-11-30 19:47:58,672 [Worker-8: Import Getting Started Content] INFO  o.e.m.j.i.AbstractJavaProjectConfigurator - Adding resource folder /WebServices/src/main/resources
2022-11-30 19:47:58,700 [Worker-8: Import Getting Started Content] INFO  o.e.m.j.i.AbstractJavaProjectConfigurator - Adding resource folder /WebServices/src/main/resources
2022-11-30 19:47:58,709 [Worker-8: Import Getting Started Content] INFO  o.e.m.j.i.AbstractJavaProjectConfigurator - Adding source folder /WebServices/src/test/java
2022-11-30 19:48:01,724 [Worker-8: Import Getting Started Content] INFO  o.e.m.c.i.p.ProjectConfigurationManager - Imported and configured 1 project(s) in 13 sec
2022-11-30 19:48:01,730 [Worker-8: Import Getting Started Content] INFO  o.e.m.c.i.p.ProjectConfigurationManager - Update started
2022-11-30 19:48:02,157 [Worker-8: Import Getting Started Content] INFO  o.e.m.c.i.l.LifecycleMappingFactory - Using org.eclipse.m2e.jdt.JarLifecycleMapping lifecycle mapping for MavenProject: com.alandev:WebServices:0.0.1-SNAPSHOT @ C:\Projeto-SpringBoot-Webservices\WebServices\pom.xml.
2022-11-30 19:48:02,700 [Worker-8: Import Getting Started Content] INFO  o.e.m.j.i.AbstractJavaProjectConfigurator - Adding source folder /WebServices/src/main/java
2022-11-30 19:48:02,701 [Worker-8: Import Getting Started Content] INFO  o.e.m.j.i.AbstractJavaProjectConfigurator - Adding resource folder /WebServices/src/main/resources
2022-11-30 19:48:02,702 [Worker-8: Import Getting Started Content] INFO  o.e.m.j.i.AbstractJavaProjectConfigurator - Adding resource folder /WebServices/src/main/resources
2022-11-30 19:48:02,704 [Worker-8: Import Getting Started Content] INFO  o.e.m.j.i.AbstractJavaProjectConfigurator - Adding source folder /WebServices/src/test/java
2022-11-30 19:48:03,275 [Worker-8: Import Getting Started Content] INFO  o.e.m.c.i.p.ProjectConfigurationManager - Update completed: 1 sec
2022-11-30 19:48:03,989 [Worker-9: Building] INFO  o.a.m.s.f.DefaultMavenResourcesFiltering - Copying 1 resource
2022-11-30 19:48:04,012 [Worker-9: Building] INFO  o.a.m.s.f.DefaultMavenResourcesFiltering - Copying 0 resource
2022-11-30 19:48:04,015 [Worker-9: Building] INFO  o.a.m.s.f.DefaultMavenResourcesFiltering - skip non existing resourceDirectory C:\Projeto-SpringBoot-Webservices\WebServices\src\test\resources
2022-11-30 19:49:29,745 [Worker-1: Loading available Gradle versions] INFO  o.e.b.c.i.u.g.PublishedGradleVersions - Gradle version information cache is up-to-date. Trying to read.
2022-11-30 19:51:15,071 [Worker-8: Launching WebServices - WebServicesApplication] INFO  o.a.m.s.f.DefaultMavenResourcesFiltering - Copying 1 resource
2022-11-30 19:51:15,092 [Worker-8: Launching WebServices - WebServicesApplication] INFO  o.a.m.s.f.DefaultMavenResourcesFiltering - Copying 0 resource
2022-11-30 19:51:15,098 [Worker-8: Launching WebServices - WebServicesApplication] INFO  o.a.m.s.f.DefaultMavenResourcesFiltering - skip non existing resourceDirectory C:\Projeto-SpringBoot-Webservices\WebServices\src\test\resources
2022-11-30 19:55:56,248 [Worker-9: Building] INFO  o.a.m.s.f.DefaultMavenResourcesFiltering - Copying 1 resource
2022-11-30 19:55:56,255 [Worker-9: Building] INFO  o.a.m.s.f.DefaultMavenResourcesFiltering - Copying 0 resource
2022-11-30 19:55:56,258 [Worker-9: Building] INFO  o.a.m.s.f.DefaultMavenResourcesFiltering - skip non existing resourceDirectory C:\Projeto-SpringBoot-Webservices\WebServices\src\test\resources
2022-11-30 19:59:43,936 [Worker-10: Building] INFO  o.a.m.s.f.DefaultMavenResourcesFiltering - Copying 1 resource
2022-11-30 19:59:43,948 [Worker-10: Building] INFO  o.a.m.s.f.DefaultMavenResourcesFiltering - Copying 0 resource
2022-11-30 19:59:43,952 [Worker-10: Building] INFO  o.a.m.s.f.DefaultMavenResourcesFiltering - skip non existing resourceDirectory C:\Projeto-SpringBoot-Webservices\WebServices\src\test\resources
2022-11-30 20:00:42,193 [Worker-11: Building] INFO  o.a.m.s.f.DefaultMavenResourcesFiltering - Copying 1 resource
2022-11-30 20:00:42,198 [Worker-11: Building] INFO  o.a.m.s.f.DefaultMavenResourcesFiltering - Copying 0 resource
2022-11-30 20:00:42,203 [Worker-11: Building] INFO  o.a.m.s.f.DefaultMavenResourcesFiltering - skip non existing resourceDirectory C:\Projeto-SpringBoot-Webservices\WebServices\src\test\resources
2022-11-30 20:05:15,438 [Worker-11: Building] INFO  o.a.m.s.f.DefaultMavenResourcesFiltering - Copying 1 resource
2022-11-30 20:05:15,444 [Worker-11: Building] INFO  o.a.m.s.f.DefaultMavenResourcesFiltering - Copying 0 resource
2022-11-30 20:05:15,447 [Worker-11: Building] INFO  o.a.m.s.f.DefaultMavenResourcesFiltering - skip non existing resourceDirectory C:\Projeto-SpringBoot-Webservices\WebServices\src\test\resources
2022-11-30 20:08:39,063 [Worker-13: Check for devtools] INFO  o.e.m.c.i.e.AbstractTransferListenerAdapter - Downloading https://repo.maven.apache.org/maven2/com/h2database/h2/2.1.214/h2-2.1.214.pom
2022-11-30 20:08:39,432 [Worker-13: Check for devtools] INFO  o.e.m.c.i.e.AbstractTransferListenerAdapter - Downloaded https://repo.maven.apache.org/maven2/com/h2database/h2/2.1.214/h2-2.1.214.pom
2022-11-30 20:08:39,617 [Worker-13: Check for devtools] INFO  o.e.m.c.i.e.AbstractTransferListenerAdapter - Downloading https://repo.maven.apache.org/maven2/com/h2database/h2/2.1.214/h2-2.1.214.jar
2022-11-30 20:08:40,780 [Worker-13: Check for devtools] INFO  o.e.m.c.i.e.AbstractTransferListenerAdapter - Downloaded https://repo.maven.apache.org/maven2/com/h2database/h2/2.1.214/h2-2.1.214.jar
2022-11-30 20:08:41,816 [Worker-12: Building] INFO  o.e.m.c.i.l.LifecycleMappingFactory - Using org.eclipse.m2e.jdt.JarLifecycleMapping lifecycle mapping for MavenProject: com.alandev:WebServices:0.0.1-SNAPSHOT @ C:\Projeto-SpringBoot-Webservices\WebServices\pom.xml.
2022-11-30 20:08:44,419 [Worker-12: Building] INFO  o.a.m.s.f.DefaultMavenResourcesFiltering - Copying 0 resource
2022-11-30 20:08:44,420 [Worker-12: Building] INFO  o.a.m.s.f.DefaultMavenResourcesFiltering - Copying 0 resource
2022-11-30 20:08:44,424 [Worker-12: Building] INFO  o.a.m.s.f.DefaultMavenResourcesFiltering - skip non existing resourceDirectory C:\Projeto-SpringBoot-Webservices\WebServices\src\test\resources
2022-11-30 20:08:45,271 [Worker-12: Updating Maven Project] INFO  o.e.m.c.i.p.ProjectConfigurationManager - Update started
2022-11-30 20:08:45,663 [Worker-1: Download sources and javadoc] INFO  o.e.m.c.i.e.AbstractTransferListenerAdapter - Downloading https://repo.maven.apache.org/maven2/com/h2database/h2/2.1.214/h2-2.1.214-sources.jar
2022-11-30 20:08:45,800 [Worker-12: Updating Maven Project] INFO  o.e.m.c.i.l.LifecycleMappingFactory - Using org.eclipse.m2e.jdt.JarLifecycleMapping lifecycle mapping for MavenProject: com.alandev:WebServices:0.0.1-SNAPSHOT @ C:\Projeto-SpringBoot-Webservices\WebServices\pom.xml.
2022-11-30 20:08:46,334 [Worker-12: Updating Maven Project] INFO  o.e.m.j.i.AbstractJavaProjectConfigurator - Adding source folder /WebServices/src/main/java
2022-11-30 20:08:46,334 [Worker-12: Updating Maven Project] INFO  o.e.m.j.i.AbstractJavaProjectConfigurator - Adding resource folder /WebServices/src/main/resources
2022-11-30 20:08:46,335 [Worker-12: Updating Maven Project] INFO  o.e.m.j.i.AbstractJavaProjectConfigurator - Adding resource folder /WebServices/src/main/resources
2022-11-30 20:08:46,335 [Worker-12: Updating Maven Project] INFO  o.e.m.j.i.AbstractJavaProjectConfigurator - Adding source folder /WebServices/src/test/java
2022-11-30 20:08:46,880 [Worker-12: Updating Maven Project] INFO  o.e.m.c.i.p.ProjectConfigurationManager - Update completed: 1 sec
2022-11-30 20:08:47,150 [Worker-1: Download sources and javadoc] INFO  o.e.m.c.i.e.AbstractTransferListenerAdapter - Downloaded https://repo.maven.apache.org/maven2/com/h2database/h2/2.1.214/h2-2.1.214-sources.jar
2022-11-30 20:08:47,153 [Worker-1: Download sources and javadoc] INFO  o.e.m.j.internal.DownloadSourcesJob - Downloaded sources for com.h2database:h2:2.1.214
2022-11-30 20:08:47,701 [Worker-16: Building] INFO  o.a.m.s.f.DefaultMavenResourcesFiltering - Copying 1 resource
2022-11-30 20:08:47,717 [Worker-16: Building] INFO  o.a.m.s.f.DefaultMavenResourcesFiltering - Copying 0 resource
2022-11-30 20:08:47,720 [Worker-16: Building] INFO  o.a.m.s.f.DefaultMavenResourcesFiltering - skip non existing resourceDirectory C:\Projeto-SpringBoot-Webservices\WebServices\src\test\resources
2022-11-30 20:09:06,034 [Worker-19: Building] INFO  o.e.m.c.i.l.LifecycleMappingFactory - Using org.eclipse.m2e.jdt.JarLifecycleMapping lifecycle mapping for MavenProject: com.alandev:WebServices:0.0.1-SNAPSHOT @ C:\Projeto-SpringBoot-Webservices\WebServices\pom.xml.
2022-11-30 20:09:07,863 [Worker-19: Building] INFO  o.a.m.s.f.DefaultMavenResourcesFiltering - Copying 0 resource
2022-11-30 20:09:07,864 [Worker-19: Building] INFO  o.a.m.s.f.DefaultMavenResourcesFiltering - Copying 0 resource
2022-11-30 20:09:07,868 [Worker-19: Building] INFO  o.a.m.s.f.DefaultMavenResourcesFiltering - skip non existing resourceDirectory C:\Projeto-SpringBoot-Webservices\WebServices\src\test\resources
2022-11-30 20:09:08,273 [Worker-19: Updating Maven Project] INFO  o.e.m.c.i.p.ProjectConfigurationManager - Update started
2022-11-30 20:09:08,645 [Worker-19: Updating Maven Project] INFO  o.e.m.c.i.l.LifecycleMappingFactory - Using org.eclipse.m2e.jdt.JarLifecycleMapping lifecycle mapping for MavenProject: com.alandev:WebServices:0.0.1-SNAPSHOT @ C:\Projeto-SpringBoot-Webservices\WebServices\pom.xml.
2022-11-30 20:09:09,742 [Worker-19: Updating Maven Project] INFO  o.e.m.j.i.AbstractJavaProjectConfigurator - Adding source folder /WebServices/src/main/java
2022-11-30 20:09:09,758 [Worker-19: Updating Maven Project] INFO  o.e.m.j.i.AbstractJavaProjectConfigurator - Adding resource folder /WebServices/src/main/resources
2022-11-30 20:09:09,759 [Worker-19: Updating Maven Project] INFO  o.e.m.j.i.AbstractJavaProjectConfigurator - Adding resource folder /WebServices/src/main/resources
2022-11-30 20:09:09,760 [Worker-19: Updating Maven Project] INFO  o.e.m.j.i.AbstractJavaProjectConfigurator - Adding source folder /WebServices/src/test/java
2022-11-30 20:09:10,095 [Worker-19: Updating Maven Project] INFO  o.e.m.c.i.p.ProjectConfigurationManager - Update completed: 1 sec
2022-11-30 20:09:10,665 [Worker-15: Building] INFO  o.a.m.s.f.DefaultMavenResourcesFiltering - Copying 1 resource
2022-11-30 20:09:10,704 [Worker-15: Building] INFO  o.a.m.s.f.DefaultMavenResourcesFiltering - Copying 0 resource
2022-11-30 20:09:10,707 [Worker-15: Building] INFO  o.a.m.s.f.DefaultMavenResourcesFiltering - skip non existing resourceDirectory C:\Projeto-SpringBoot-Webservices\WebServices\src\test\resources
2022-11-30 20:11:28,529 [Worker-15: Building] INFO  o.a.m.s.f.DefaultMavenResourcesFiltering - Copying 1 resource
2022-11-30 20:11:28,533 [Worker-15: Building] INFO  o.a.m.s.f.DefaultMavenResourcesFiltering - Copying 0 resource
2022-11-30 20:11:28,536 [Worker-15: Building] INFO  o.a.m.s.f.DefaultMavenResourcesFiltering - skip non existing resourceDirectory C:\Projeto-SpringBoot-Webservices\WebServices\src\test\resources
2022-11-30 20:12:12,894 [Worker-18: Building] INFO  o.a.m.s.f.DefaultMavenResourcesFiltering - Copying 1 resource
2022-11-30 20:12:12,895 [Worker-18: Building] INFO  o.a.m.s.f.DefaultMavenResourcesFiltering - Copying 0 resource
2022-11-30 20:12:12,898 [Worker-18: Building] INFO  o.a.m.s.f.DefaultMavenResourcesFiltering - skip non existing resourceDirectory C:\Projeto-SpringBoot-Webservices\WebServices\src\test\resources
2022-11-30 20:13:56,564 [Worker-17: Building] INFO  o.a.m.s.f.DefaultMavenResourcesFiltering - Copying 1 resource
2022-11-30 20:13:56,571 [Worker-17: Building] INFO  o.a.m.s.f.DefaultMavenResourcesFiltering - skip non existing resourceDirectory C:\Projeto-SpringBoot-Webservices\WebServices\src\test\resources
2022-11-30 20:16:57,449 [Worker-17: Building] INFO  o.a.m.s.f.DefaultMavenResourcesFiltering - Copying 2 resources
2022-11-30 20:16:57,456 [Worker-17: Building] INFO  o.a.m.s.f.DefaultMavenResourcesFiltering - skip non existing resourceDirectory C:\Projeto-SpringBoot-Webservices\WebServices\src\test\resources
2022-11-30 20:20:21,256 [Worker-23: Building] INFO  o.a.m.s.f.DefaultMavenResourcesFiltering - Copying 1 resource
2022-11-30 20:20:21,260 [Worker-23: Building] INFO  o.a.m.s.f.DefaultMavenResourcesFiltering - Copying 0 resource
2022-11-30 20:20:21,263 [Worker-23: Building] INFO  o.a.m.s.f.DefaultMavenResourcesFiltering - skip non existing resourceDirectory C:\Projeto-SpringBoot-Webservices\WebServices\src\test\resources
2022-11-30 20:21:12,710 [Worker-23: Updating Maven Project] INFO  o.e.m.c.i.p.ProjectConfigurationManager - Update started
2022-11-30 20:21:12,969 [Worker-23: Updating Maven Project] INFO  o.e.m.c.i.l.LifecycleMappingFactory - Using org.eclipse.m2e.jdt.JarLifecycleMapping lifecycle mapping for MavenProject: com.alandev:WebServices:0.0.1-SNAPSHOT @ C:\Projeto-SpringBoot-Webservices\WebServices\pom.xml.
2022-11-30 20:21:13,373 [Worker-23: Updating Maven Project] INFO  o.e.m.j.i.AbstractJavaProjectConfigurator - Adding source folder /WebServices/src/main/java
2022-11-30 20:21:13,373 [Worker-23: Updating Maven Project] INFO  o.e.m.j.i.AbstractJavaProjectConfigurator - Adding resource folder /WebServices/src/main/resources
2022-11-30 20:21:13,374 [Worker-23: Updating Maven Project] INFO  o.e.m.j.i.AbstractJavaProjectConfigurator - Adding resource folder /WebServices/src/main/resources
2022-11-30 20:21:13,374 [Worker-23: Updating Maven Project] INFO  o.e.m.j.i.AbstractJavaProjectConfigurator - Adding source folder /WebServices/src/test/java
2022-11-30 20:21:13,668 [Worker-23: Updating Maven Project] INFO  o.e.m.c.i.p.ProjectConfigurationManager - Update completed: 0 sec
2022-11-30 20:21:13,862 [Worker-22: Building] INFO  o.a.m.s.f.DefaultMavenResourcesFiltering - Copying 2 resources
2022-11-30 20:21:13,878 [Worker-22: Building] INFO  o.a.m.s.f.DefaultMavenResourcesFiltering - Copying 0 resource
2022-11-30 20:21:13,881 [Worker-22: Building] INFO  o.a.m.s.f.DefaultMavenResourcesFiltering - skip non existing resourceDirectory C:\Projeto-SpringBoot-Webservices\WebServices\src\test\resources
2022-11-30 20:35:25,642 [Worker-23: Building] INFO  o.a.m.s.f.DefaultMavenResourcesFiltering - Copying 2 resources
2022-11-30 20:35:25,653 [Worker-23: Building] INFO  o.a.m.s.f.DefaultMavenResourcesFiltering - Copying 0 resource
2022-11-30 20:35:25,656 [Worker-23: Building] INFO  o.a.m.s.f.DefaultMavenResourcesFiltering - skip non existing resourceDirectory C:\Projeto-SpringBoot-Webservices\WebServices\src\test\resources
2022-11-30 20:38:29,191 [Worker-25: Building] INFO  o.a.m.s.f.DefaultMavenResourcesFiltering - Copying 2 resources
2022-11-30 20:38:29,202 [Worker-25: Building] INFO  o.a.m.s.f.DefaultMavenResourcesFiltering - Copying 0 resource
2022-11-30 20:38:29,205 [Worker-25: Building] INFO  o.a.m.s.f.DefaultMavenResourcesFiltering - skip non existing resourceDirectory C:\Projeto-SpringBoot-Webservices\WebServices\src\test\resources
2022-11-30 20:40:37,327 [Worker-32: Building] INFO  o.a.m.s.f.DefaultMavenResourcesFiltering - Copying 2 resources
2022-11-30 20:40:37,337 [Worker-32: Building] INFO  o.a.m.s.f.DefaultMavenResourcesFiltering - Copying 0 resource
2022-11-30 20:40:37,341 [Worker-32: Building] INFO  o.a.m.s.f.DefaultMavenResourcesFiltering - skip non existing resourceDirectory C:\Projeto-SpringBoot-Webservices\WebServices\src\test\resources
2022-11-30 20:43:36,169 [Worker-33: Building] INFO  o.a.m.s.f.DefaultMavenResourcesFiltering - Copying 2 resources
2022-11-30 20:43:36,178 [Worker-33: Building] INFO  o.a.m.s.f.DefaultMavenResourcesFiltering - Copying 0 resource
2022-11-30 20:43:36,181 [Worker-33: Building] INFO  o.a.m.s.f.DefaultMavenResourcesFiltering - skip non existing resourceDirectory C:\Projeto-SpringBoot-Webservices\WebServices\src\test\resources
2022-11-30 20:45:24,134 [Worker-27: Building] INFO  o.a.m.s.f.DefaultMavenResourcesFiltering - Copying 2 resources
2022-11-30 20:45:24,142 [Worker-27: Building] INFO  o.a.m.s.f.DefaultMavenResourcesFiltering - Copying 0 resource
2022-11-30 20:45:24,145 [Worker-27: Building] INFO  o.a.m.s.f.DefaultMavenResourcesFiltering - skip non existing resourceDirectory C:\Projeto-SpringBoot-Webservices\WebServices\src\test\resources
2022-11-30 20:46:14,910 [Worker-34: Building] INFO  o.a.m.s.f.DefaultMavenResourcesFiltering - Copying 2 resources
2022-11-30 20:46:14,918 [Worker-34: Building] INFO  o.a.m.s.f.DefaultMavenResourcesFiltering - Copying 0 resource
2022-11-30 20:46:14,921 [Worker-34: Building] INFO  o.a.m.s.f.DefaultMavenResourcesFiltering - skip non existing resourceDirectory C:\Projeto-SpringBoot-Webservices\WebServices\src\test\resources
2022-11-30 20:58:14,357 [Worker-33: Building] INFO  o.a.m.s.f.DefaultMavenResourcesFiltering - Copying 2 resources
2022-11-30 20:58:14,382 [Worker-33: Building] INFO  o.a.m.s.f.DefaultMavenResourcesFiltering - Copying 0 resource
2022-11-30 20:58:14,387 [Worker-33: Building] INFO  o.a.m.s.f.DefaultMavenResourcesFiltering - skip non existing resourceDirectory C:\Projeto-SpringBoot-Webservices\WebServices\src\test\resources
2022-11-30 21:03:32,534 [Worker-33: Building] INFO  o.a.m.s.f.DefaultMavenResourcesFiltering - Copying 2 resources
2022-11-30 21:03:32,562 [Worker-33: Building] INFO  o.a.m.s.f.DefaultMavenResourcesFiltering - Copying 0 resource
2022-11-30 21:03:32,565 [Worker-33: Building] INFO  o.a.m.s.f.DefaultMavenResourcesFiltering - skip non existing resourceDirectory C:\Projeto-SpringBoot-Webservices\WebServices\src\test\resources
2022-11-30 21:04:25,123 [Worker-33: Building] INFO  o.a.m.s.f.DefaultMavenResourcesFiltering - Copying 2 resources
2022-11-30 21:04:25,134 [Worker-33: Building] INFO  o.a.m.s.f.DefaultMavenResourcesFiltering - Copying 0 resource
2022-11-30 21:04:25,137 [Worker-33: Building] INFO  o.a.m.s.f.DefaultMavenResourcesFiltering - skip non existing resourceDirectory C:\Projeto-SpringBoot-Webservices\WebServices\src\test\resources
2022-11-30 21:04:46,128 [Worker-37: Building] INFO  o.a.m.s.f.DefaultMavenResourcesFiltering - Copying 2 resources
2022-11-30 21:04:46,138 [Worker-37: Building] INFO  o.a.m.s.f.DefaultMavenResourcesFiltering - Copying 0 resource
2022-11-30 21:04:46,140 [Worker-37: Building] INFO  o.a.m.s.f.DefaultMavenResourcesFiltering - skip non existing resourceDirectory C:\Projeto-SpringBoot-Webservices\WebServices\src\test\resources
2022-11-30 21:04:49,576 [Worker-39: Building] INFO  o.a.m.s.f.DefaultMavenResourcesFiltering - Copying 2 resources
2022-11-30 21:04:49,587 [Worker-39: Building] INFO  o.a.m.s.f.DefaultMavenResourcesFiltering - Copying 0 resource
2022-11-30 21:04:49,589 [Worker-39: Building] INFO  o.a.m.s.f.DefaultMavenResourcesFiltering - skip non existing resourceDirectory C:\Projeto-SpringBoot-Webservices\WebServices\src\test\resources
2022-11-30 21:08:46,717 [Worker-37: Building] INFO  o.a.m.s.f.DefaultMavenResourcesFiltering - Copying 2 resources
2022-11-30 21:08:46,786 [Worker-37: Building] INFO  o.a.m.s.f.DefaultMavenResourcesFiltering - Copying 0 resource
2022-11-30 21:08:46,789 [Worker-37: Building] INFO  o.a.m.s.f.DefaultMavenResourcesFiltering - skip non existing resourceDirectory C:\Projeto-SpringBoot-Webservices\WebServices\src\test\resources
2022-11-30 21:10:46,490 [Worker-41: Building] INFO  o.a.m.s.f.DefaultMavenResourcesFiltering - Copying 2 resources
2022-11-30 21:10:46,498 [Worker-41: Building] INFO  o.a.m.s.f.DefaultMavenResourcesFiltering - Copying 0 resource
2022-11-30 21:10:46,501 [Worker-41: Building] INFO  o.a.m.s.f.DefaultMavenResourcesFiltering - skip non existing resourceDirectory C:\Projeto-SpringBoot-Webservices\WebServices\src\test\resources
2022-11-30 21:12:35,812 [Worker-36: Building] INFO  o.a.m.s.f.DefaultMavenResourcesFiltering - Copying 2 resources
2022-11-30 21:12:35,821 [Worker-36: Building] INFO  o.a.m.s.f.DefaultMavenResourcesFiltering - Copying 0 resource
2022-11-30 21:12:35,824 [Worker-36: Building] INFO  o.a.m.s.f.DefaultMavenResourcesFiltering - skip non existing resourceDirectory C:\Projeto-SpringBoot-Webservices\WebServices\src\test\resources
2022-11-30 22:03:38,510 [Worker-44: Building] INFO  o.a.m.s.f.DefaultMavenResourcesFiltering - Copying 2 resources
2022-11-30 22:03:38,533 [Worker-44: Building] INFO  o.a.m.s.f.DefaultMavenResourcesFiltering - Copying 0 resource
2022-11-30 22:03:38,536 [Worker-44: Building] INFO  o.a.m.s.f.DefaultMavenResourcesFiltering - skip non existing resourceDirectory C:\Projeto-SpringBoot-Webservices\WebServices\src\test\resources
2022-11-30 22:06:46,118 [Worker-45: Building] INFO  o.a.m.s.f.DefaultMavenResourcesFiltering - Copying 2 resources
2022-11-30 22:06:46,130 [Worker-45: Building] INFO  o.a.m.s.f.DefaultMavenResourcesFiltering - Copying 0 resource
2022-11-30 22:06:46,134 [Worker-45: Building] INFO  o.a.m.s.f.DefaultMavenResourcesFiltering - skip non existing resourceDirectory C:\Projeto-SpringBoot-Webservices\WebServices\src\test\resources
2022-11-30 22:06:51,831 [Worker-44: Building] INFO  o.a.m.s.f.DefaultMavenResourcesFiltering - Copying 2 resources
2022-11-30 22:06:51,844 [Worker-44: Building] INFO  o.a.m.s.f.DefaultMavenResourcesFiltering - Copying 0 resource
2022-11-30 22:06:51,846 [Worker-44: Building] INFO  o.a.m.s.f.DefaultMavenResourcesFiltering - skip non existing resourceDirectory C:\Projeto-SpringBoot-Webservices\WebServices\src\test\resources
2022-11-30 22:07:56,184 [Worker-46: Building] INFO  o.a.m.s.f.DefaultMavenResourcesFiltering - Copying 2 resources
2022-11-30 22:07:56,193 [Worker-46: Building] INFO  o.a.m.s.f.DefaultMavenResourcesFiltering - Copying 0 resource
2022-11-30 22:07:56,196 [Worker-46: Building] INFO  o.a.m.s.f.DefaultMavenResourcesFiltering - skip non existing resourceDirectory C:\Projeto-SpringBoot-Webservices\WebServices\src\test\resources
2022-11-30 22:10:44,689 [Worker-44: Building] INFO  o.a.m.s.f.DefaultMavenResourcesFiltering - Copying 2 resources
2022-11-30 22:10:44,696 [Worker-44: Building] INFO  o.a.m.s.f.DefaultMavenResourcesFiltering - Copying 0 resource
2022-11-30 22:10:44,699 [Worker-44: Building] INFO  o.a.m.s.f.DefaultMavenResourcesFiltering - skip non existing resourceDirectory C:\Projeto-SpringBoot-Webservices\WebServices\src\test\resources
2022-11-30 22:12:59,951 [Worker-45: Building] INFO  o.a.m.s.f.DefaultMavenResourcesFiltering - Copying 2 resources
2022-11-30 22:12:59,960 [Worker-45: Building] INFO  o.a.m.s.f.DefaultMavenResourcesFiltering - Copying 0 resource
2022-11-30 22:12:59,962 [Worker-45: Building] INFO  o.a.m.s.f.DefaultMavenResourcesFiltering - skip non existing resourceDirectory C:\Projeto-SpringBoot-Webservices\WebServices\src\test\resources
2022-11-30 22:13:35,643 [Worker-47: Building] INFO  o.a.m.s.f.DefaultMavenResourcesFiltering - Copying 2 resources
2022-11-30 22:13:35,652 [Worker-47: Building] INFO  o.a.m.s.f.DefaultMavenResourcesFiltering - Copying 0 resource
2022-11-30 22:13:35,654 [Worker-47: Building] INFO  o.a.m.s.f.DefaultMavenResourcesFiltering - skip non existing resourceDirectory C:\Projeto-SpringBoot-Webservices\WebServices\src\test\resources
2022-11-30 22:14:08,399 [Worker-45: Building] INFO  o.a.m.s.f.DefaultMavenResourcesFiltering - Copying 2 resources
2022-11-30 22:14:08,409 [Worker-45: Building] INFO  o.a.m.s.f.DefaultMavenResourcesFiltering - Copying 0 resource
2022-11-30 22:14:08,411 [Worker-45: Building] INFO  o.a.m.s.f.DefaultMavenResourcesFiltering - skip non existing resourceDirectory C:\Projeto-SpringBoot-Webservices\WebServices\src\test\resources
2022-11-30 22:15:06,012 [Worker-46: Building] INFO  o.a.m.s.f.DefaultMavenResourcesFiltering - Copying 2 resources
2022-11-30 22:15:06,020 [Worker-46: Building] INFO  o.a.m.s.f.DefaultMavenResourcesFiltering - Copying 0 resource
2022-11-30 22:15:06,024 [Worker-46: Building] INFO  o.a.m.s.f.DefaultMavenResourcesFiltering - skip non existing resourceDirectory C:\Projeto-SpringBoot-Webservices\WebServices\src\test\resources
2022-11-30 22:18:12,200 [Worker-45: Building] INFO  o.a.m.s.f.DefaultMavenResourcesFiltering - Copying 2 resources
2022-11-30 22:18:12,208 [Worker-45: Building] INFO  o.a.m.s.f.DefaultMavenResourcesFiltering - Copying 0 resource
2022-11-30 22:18:12,211 [Worker-45: Building] INFO  o.a.m.s.f.DefaultMavenResourcesFiltering - skip non existing resourceDirectory C:\Projeto-SpringBoot-Webservices\WebServices\src\test\resources
2022-11-30 22:18:36,401 [Worker-48: Building] INFO  o.a.m.s.f.DefaultMavenResourcesFiltering - Copying 2 resources
2022-11-30 22:18:36,410 [Worker-48: Building] INFO  o.a.m.s.f.DefaultMavenResourcesFiltering - Copying 0 resource
2022-11-30 22:18:36,413 [Worker-48: Building] INFO  o.a.m.s.f.DefaultMavenResourcesFiltering - skip non existing resourceDirectory C:\Projeto-SpringBoot-Webservices\WebServices\src\test\resources
2022-11-30 22:18:49,483 [Worker-44: Building] INFO  o.a.m.s.f.DefaultMavenResourcesFiltering - Copying 2 resources
2022-11-30 22:18:49,491 [Worker-44: Building] INFO  o.a.m.s.f.DefaultMavenResourcesFiltering - Copying 0 resource
2022-11-30 22:18:49,494 [Worker-44: Building] INFO  o.a.m.s.f.DefaultMavenResourcesFiltering - skip non existing resourceDirectory C:\Projeto-SpringBoot-Webservices\WebServices\src\test\resources
2022-11-30 22:19:01,959 [Worker-49: Building] INFO  o.a.m.s.f.DefaultMavenResourcesFiltering - Copying 2 resources
2022-11-30 22:19:01,968 [Worker-49: Building] INFO  o.a.m.s.f.DefaultMavenResourcesFiltering - Copying 0 resource
2022-11-30 22:19:01,970 [Worker-49: Building] INFO  o.a.m.s.f.DefaultMavenResourcesFiltering - skip non existing resourceDirectory C:\Projeto-SpringBoot-Webservices\WebServices\src\test\resources
2022-11-30 22:20:05,831 [Worker-45: Building] INFO  o.a.m.s.f.DefaultMavenResourcesFiltering - Copying 2 resources
2022-11-30 22:20:05,840 [Worker-45: Building] INFO  o.a.m.s.f.DefaultMavenResourcesFiltering - Copying 0 resource
2022-11-30 22:20:05,842 [Worker-45: Building] INFO  o.a.m.s.f.DefaultMavenResourcesFiltering - skip non existing resourceDirectory C:\Projeto-SpringBoot-Webservices\WebServices\src\test\resources
2022-11-30 22:20:22,531 [Worker-48: Building] INFO  o.a.m.s.f.DefaultMavenResourcesFiltering - Copying 2 resources
2022-11-30 22:20:22,540 [Worker-48: Building] INFO  o.a.m.s.f.DefaultMavenResourcesFiltering - Copying 0 resource
2022-11-30 22:20:22,543 [Worker-48: Building] INFO  o.a.m.s.f.DefaultMavenResourcesFiltering - skip non existing resourceDirectory C:\Projeto-SpringBoot-Webservices\WebServices\src\test\resources
2022-11-30 22:20:55,925 [Worker-49: Building] INFO  o.a.m.s.f.DefaultMavenResourcesFiltering - Copying 2 resources
2022-11-30 22:20:55,934 [Worker-49: Building] INFO  o.a.m.s.f.DefaultMavenResourcesFiltering - Copying 0 resource
2022-11-30 22:20:55,938 [Worker-49: Building] INFO  o.a.m.s.f.DefaultMavenResourcesFiltering - skip non existing resourceDirectory C:\Projeto-SpringBoot-Webservices\WebServices\src\test\resources
2022-11-30 22:24:57,175 [Worker-45: Building] INFO  o.a.m.s.f.DefaultMavenResourcesFiltering - Copying 2 resources
2022-11-30 22:24:57,183 [Worker-45: Building] INFO  o.a.m.s.f.DefaultMavenResourcesFiltering - Copying 0 resource
2022-11-30 22:24:57,186 [Worker-45: Building] INFO  o.a.m.s.f.DefaultMavenResourcesFiltering - skip non existing resourceDirectory C:\Projeto-SpringBoot-Webservices\WebServices\src\test\resources
2022-11-30 22:25:15,161 [Worker-45: Building] INFO  o.a.m.s.f.DefaultMavenResourcesFiltering - Copying 2 resources
2022-11-30 22:25:15,172 [Worker-45: Building] INFO  o.a.m.s.f.DefaultMavenResourcesFiltering - Copying 0 resource
2022-11-30 22:25:15,174 [Worker-45: Building] INFO  o.a.m.s.f.DefaultMavenResourcesFiltering - skip non existing resourceDirectory C:\Projeto-SpringBoot-Webservices\WebServices\src\test\resources
2022-11-30 22:29:09,500 [Worker-45: Launching WebServices - WebServicesApplication] INFO  o.a.m.s.f.DefaultMavenResourcesFiltering - Copying 2 resources
2022-11-30 22:29:09,535 [Worker-45: Launching WebServices - WebServicesApplication] INFO  o.a.m.s.f.DefaultMavenResourcesFiltering - Copying 0 resource
2022-11-30 22:29:09,539 [Worker-45: Launching WebServices - WebServicesApplication] INFO  o.a.m.s.f.DefaultMavenResourcesFiltering - skip non existing resourceDirectory C:\Projeto-SpringBoot-Webservices\WebServices\src\test\resources
2022-11-30 22:37:40,266 [Worker-57: Building] INFO  o.a.m.s.f.DefaultMavenResourcesFiltering - Copying 2 resources
2022-11-30 22:37:40,275 [Worker-57: Building] INFO  o.a.m.s.f.DefaultMavenResourcesFiltering - Copying 0 resource
2022-11-30 22:37:40,278 [Worker-57: Building] INFO  o.a.m.s.f.DefaultMavenResourcesFiltering - skip non existing resourceDirectory C:\Projeto-SpringBoot-Webservices\WebServices\src\test\resources
2022-11-30 22:37:52,182 [Worker-57: Building] INFO  o.a.m.s.f.DefaultMavenResourcesFiltering - Copying 2 resources
2022-11-30 22:37:52,191 [Worker-57: Building] INFO  o.a.m.s.f.DefaultMavenResourcesFiltering - Copying 0 resource
2022-11-30 22:37:52,194 [Worker-57: Building] INFO  o.a.m.s.f.DefaultMavenResourcesFiltering - skip non existing resourceDirectory C:\Projeto-SpringBoot-Webservices\WebServices\src\test\resources
2022-12-01 07:17:23,112 [Worker-1: Loading available Gradle versions] INFO  o.e.b.c.i.u.g.PublishedGradleVersions - Gradle version information cache is out-of-date. Trying to update.
2022-12-01 07:18:45,614 [Worker-6: Building] INFO  o.a.m.s.f.DefaultMavenResourcesFiltering - Copying 2 resources
2022-12-01 07:18:45,680 [Worker-6: Building] INFO  o.a.m.s.f.DefaultMavenResourcesFiltering - Copying 0 resource
2022-12-01 07:18:45,686 [Worker-6: Building] INFO  o.a.m.s.f.DefaultMavenResourcesFiltering - skip non existing resourceDirectory C:\Projeto-SpringBoot-Webservices\WebServices\src\test\resources
2022-12-01 07:21:01,122 [Worker-7: Building] INFO  o.a.m.s.f.DefaultMavenResourcesFiltering - Copying 2 resources
2022-12-01 07:21:01,167 [Worker-7: Building] INFO  o.a.m.s.f.DefaultMavenResourcesFiltering - Copying 0 resource
2022-12-01 07:21:01,176 [Worker-7: Building] INFO  o.a.m.s.f.DefaultMavenResourcesFiltering - skip non existing resourceDirectory C:\Projeto-SpringBoot-Webservices\WebServices\src\test\resources
2022-12-01 07:22:46,773 [Worker-5: Building] INFO  o.a.m.s.f.DefaultMavenResourcesFiltering - Copying 2 resources
2022-12-01 07:22:46,787 [Worker-5: Building] INFO  o.a.m.s.f.DefaultMavenResourcesFiltering - Copying 0 resource
2022-12-01 07:22:46,791 [Worker-5: Building] INFO  o.a.m.s.f.DefaultMavenResourcesFiltering - skip non existing resourceDirectory C:\Projeto-SpringBoot-Webservices\WebServices\src\test\resources
2022-12-01 07:24:28,509 [Worker-10: Building] INFO  o.a.m.s.f.DefaultMavenResourcesFiltering - Copying 2 resources
2022-12-01 07:24:28,519 [Worker-10: Building] INFO  o.a.m.s.f.DefaultMavenResourcesFiltering - Copying 0 resource
2022-12-01 07:24:28,522 [Worker-10: Building] INFO  o.a.m.s.f.DefaultMavenResourcesFiltering - skip non existing resourceDirectory C:\Projeto-SpringBoot-Webservices\WebServices\src\test\resources
2022-12-01 07:31:45,461 [Worker-10: Building] INFO  o.a.m.s.f.DefaultMavenResourcesFiltering - Copying 2 resources
2022-12-01 07:31:45,472 [Worker-10: Building] INFO  o.a.m.s.f.DefaultMavenResourcesFiltering - Copying 0 resource
2022-12-01 07:31:45,476 [Worker-10: Building] INFO  o.a.m.s.f.DefaultMavenResourcesFiltering - skip non existing resourceDirectory C:\Projeto-SpringBoot-Webservices\WebServices\src\test\resources
2022-12-01 07:34:31,453 [Worker-14: Building] INFO  o.a.m.s.f.DefaultMavenResourcesFiltering - Copying 2 resources
2022-12-01 07:34:31,465 [Worker-14: Building] INFO  o.a.m.s.f.DefaultMavenResourcesFiltering - Copying 0 resource
2022-12-01 07:34:31,468 [Worker-14: Building] INFO  o.a.m.s.f.DefaultMavenResourcesFiltering - skip non existing resourceDirectory C:\Projeto-SpringBoot-Webservices\WebServices\src\test\resources
2022-12-01 07:36:06,956 [Worker-10: Building] INFO  o.a.m.s.f.DefaultMavenResourcesFiltering - Copying 2 resources
2022-12-01 07:36:06,969 [Worker-10: Building] INFO  o.a.m.s.f.DefaultMavenResourcesFiltering - Copying 0 resource
2022-12-01 07:36:06,972 [Worker-10: Building] INFO  o.a.m.s.f.DefaultMavenResourcesFiltering - skip non existing resourceDirectory C:\Projeto-SpringBoot-Webservices\WebServices\src\test\resources
2022-12-01 07:38:49,830 [Worker-16: Building] INFO  o.a.m.s.f.DefaultMavenResourcesFiltering - Copying 2 resources
2022-12-01 07:38:49,841 [Worker-16: Building] INFO  o.a.m.s.f.DefaultMavenResourcesFiltering - Copying 0 resource
2022-12-01 07:38:49,847 [Worker-16: Building] INFO  o.a.m.s.f.DefaultMavenResourcesFiltering - skip non existing resourceDirectory C:\Projeto-SpringBoot-Webservices\WebServices\src\test\resources
2022-12-01 07:38:57,685 [Worker-16: Building] INFO  o.a.m.s.f.DefaultMavenResourcesFiltering - Copying 2 resources
2022-12-01 07:38:57,707 [Worker-16: Building] INFO  o.a.m.s.f.DefaultMavenResourcesFiltering - Copying 0 resource
2022-12-01 07:38:57,711 [Worker-16: Building] INFO  o.a.m.s.f.DefaultMavenResourcesFiltering - skip non existing resourceDirectory C:\Projeto-SpringBoot-Webservices\WebServices\src\test\resources
2022-12-01 07:39:30,232 [Worker-17: Building] INFO  o.a.m.s.f.DefaultMavenResourcesFiltering - Copying 2 resources
2022-12-01 07:39:30,243 [Worker-17: Building] INFO  o.a.m.s.f.DefaultMavenResourcesFiltering - Copying 0 resource
2022-12-01 07:39:30,246 [Worker-17: Building] INFO  o.a.m.s.f.DefaultMavenResourcesFiltering - skip non existing resourceDirectory C:\Projeto-SpringBoot-Webservices\WebServices\src\test\resources
2022-12-01 07:40:10,383 [Worker-13: Building] INFO  o.a.m.s.f.DefaultMavenResourcesFiltering - Copying 2 resources
2022-12-01 07:40:10,393 [Worker-13: Building] INFO  o.a.m.s.f.DefaultMavenResourcesFiltering - Copying 0 resource
2022-12-01 07:40:10,396 [Worker-13: Building] INFO  o.a.m.s.f.DefaultMavenResourcesFiltering - skip non existing resourceDirectory C:\Projeto-SpringBoot-Webservices\WebServices\src\test\resources
2022-12-01 07:40:59,529 [Worker-17: Building] INFO  o.a.m.s.f.DefaultMavenResourcesFiltering - Copying 2 resources
2022-12-01 07:40:59,540 [Worker-17: Building] INFO  o.a.m.s.f.DefaultMavenResourcesFiltering - Copying 0 resource
2022-12-01 07:40:59,544 [Worker-17: Building] INFO  o.a.m.s.f.DefaultMavenResourcesFiltering - skip non existing resourceDirectory C:\Projeto-SpringBoot-Webservices\WebServices\src\test\resources
2022-12-01 07:43:32,760 [Worker-13: Building] INFO  o.a.m.s.f.DefaultMavenResourcesFiltering - Copying 2 resources
2022-12-01 07:43:32,770 [Worker-13: Building] INFO  o.a.m.s.f.DefaultMavenResourcesFiltering - Copying 0 resource
2022-12-01 07:43:32,773 [Worker-13: Building] INFO  o.a.m.s.f.DefaultMavenResourcesFiltering - skip non existing resourceDirectory C:\Projeto-SpringBoot-Webservices\WebServices\src\test\resources
2022-12-01 07:43:57,398 [Worker-17: Building] INFO  o.a.m.s.f.DefaultMavenResourcesFiltering - Copying 2 resources
2022-12-01 07:43:57,409 [Worker-17: Building] INFO  o.a.m.s.f.DefaultMavenResourcesFiltering - Copying 0 resource
2022-12-01 07:43:57,412 [Worker-17: Building] INFO  o.a.m.s.f.DefaultMavenResourcesFiltering - skip non existing resourceDirectory C:\Projeto-SpringBoot-Webservices\WebServices\src\test\resources
2022-12-01 07:44:18,833 [Worker-17: Building] INFO  o.a.m.s.f.DefaultMavenResourcesFiltering - Copying 2 resources
2022-12-01 07:44:18,873 [Worker-17: Building] INFO  o.a.m.s.f.DefaultMavenResourcesFiltering - Copying 0 resource
2022-12-01 07:44:18,877 [Worker-17: Building] INFO  o.a.m.s.f.DefaultMavenResourcesFiltering - skip non existing resourceDirectory C:\Projeto-SpringBoot-Webservices\WebServices\src\test\resources
2022-12-01 07:45:07,512 [Worker-17: Building] INFO  o.a.m.s.f.DefaultMavenResourcesFiltering - Copying 2 resources
2022-12-01 07:45:07,523 [Worker-17: Building] INFO  o.a.m.s.f.DefaultMavenResourcesFiltering - Copying 0 resource
2022-12-01 07:45:07,528 [Worker-17: Building] INFO  o.a.m.s.f.DefaultMavenResourcesFiltering - skip non existing resourceDirectory C:\Projeto-SpringBoot-Webservices\WebServices\src\test\resources
2022-12-01 07:45:33,583 [Worker-13: Building] INFO  o.a.m.s.f.DefaultMavenResourcesFiltering - Copying 2 resources
2022-12-01 07:45:33,591 [Worker-13: Building] INFO  o.a.m.s.f.DefaultMavenResourcesFiltering - Copying 0 resource
2022-12-01 07:45:33,594 [Worker-13: Building] INFO  o.a.m.s.f.DefaultMavenResourcesFiltering - skip non existing resourceDirectory C:\Projeto-SpringBoot-Webservices\WebServices\src\test\resources
2022-12-01 07:45:45,362 [Worker-13: Building] INFO  o.a.m.s.f.DefaultMavenResourcesFiltering - Copying 2 resources
2022-12-01 07:45:45,369 [Worker-13: Building] INFO  o.a.m.s.f.DefaultMavenResourcesFiltering - Copying 0 resource
2022-12-01 07:45:45,373 [Worker-13: Building] INFO  o.a.m.s.f.DefaultMavenResourcesFiltering - skip non existing resourceDirectory C:\Projeto-SpringBoot-Webservices\WebServices\src\test\resources
2022-12-01 07:47:12,685 [Worker-15: Building] INFO  o.a.m.s.f.DefaultMavenResourcesFiltering - Copying 2 resources
2022-12-01 07:47:12,695 [Worker-15: Building] INFO  o.a.m.s.f.DefaultMavenResourcesFiltering - Copying 0 resource
2022-12-01 07:47:12,697 [Worker-15: Building] INFO  o.a.m.s.f.DefaultMavenResourcesFiltering - skip non existing resourceDirectory C:\Projeto-SpringBoot-Webservices\WebServices\src\test\resources
2022-12-01 07:48:03,512 [Worker-17: Building] INFO  o.a.m.s.f.DefaultMavenResourcesFiltering - Copying 2 resources
2022-12-01 07:48:03,520 [Worker-17: Building] INFO  o.a.m.s.f.DefaultMavenResourcesFiltering - Copying 0 resource
2022-12-01 07:48:03,523 [Worker-17: Building] INFO  o.a.m.s.f.DefaultMavenResourcesFiltering - skip non existing resourceDirectory C:\Projeto-SpringBoot-Webservices\WebServices\src\test\resources
2022-12-01 07:49:21,375 [Worker-13: Building] INFO  o.a.m.s.f.DefaultMavenResourcesFiltering - Copying 2 resources
2022-12-01 07:49:21,386 [Worker-13: Building] INFO  o.a.m.s.f.DefaultMavenResourcesFiltering - Copying 0 resource
2022-12-01 07:49:21,389 [Worker-13: Building] INFO  o.a.m.s.f.DefaultMavenResourcesFiltering - skip non existing resourceDirectory C:\Projeto-SpringBoot-Webservices\WebServices\src\test\resources
2022-12-01 07:50:34,071 [Worker-15: Building] INFO  o.a.m.s.f.DefaultMavenResourcesFiltering - Copying 2 resources
2022-12-01 07:50:34,081 [Worker-15: Building] INFO  o.a.m.s.f.DefaultMavenResourcesFiltering - Copying 0 resource
2022-12-01 07:50:34,084 [Worker-15: Building] INFO  o.a.m.s.f.DefaultMavenResourcesFiltering - skip non existing resourceDirectory C:\Projeto-SpringBoot-Webservices\WebServices\src\test\resources
2022-12-01 07:50:58,617 [Worker-16: Building] INFO  o.a.m.s.f.DefaultMavenResourcesFiltering - Copying 2 resources
2022-12-01 07:50:58,628 [Worker-16: Building] INFO  o.a.m.s.f.DefaultMavenResourcesFiltering - Copying 0 resource
2022-12-01 07:50:58,631 [Worker-16: Building] INFO  o.a.m.s.f.DefaultMavenResourcesFiltering - skip non existing resourceDirectory C:\Projeto-SpringBoot-Webservices\WebServices\src\test\resources
2022-12-01 07:51:32,380 [Worker-16: Building] INFO  o.a.m.s.f.DefaultMavenResourcesFiltering - Copying 2 resources
2022-12-01 07:51:32,388 [Worker-16: Building] INFO  o.a.m.s.f.DefaultMavenResourcesFiltering - Copying 0 resource
2022-12-01 07:51:32,391 [Worker-16: Building] INFO  o.a.m.s.f.DefaultMavenResourcesFiltering - skip non existing resourceDirectory C:\Projeto-SpringBoot-Webservices\WebServices\src\test\resources
2022-12-01 08:18:19,706 [Worker-15: Building] INFO  o.a.m.s.f.DefaultMavenResourcesFiltering - Copying 2 resources
2022-12-01 08:18:19,727 [Worker-15: Building] INFO  o.a.m.s.f.DefaultMavenResourcesFiltering - Copying 0 resource
2022-12-01 08:18:19,730 [Worker-15: Building] INFO  o.a.m.s.f.DefaultMavenResourcesFiltering - skip non existing resourceDirectory C:\Projeto-SpringBoot-Webservices\WebServices\src\test\resources
2022-12-01 08:23:41,693 [Worker-19: Building] INFO  o.a.m.s.f.DefaultMavenResourcesFiltering - Copying 2 resources
2022-12-01 08:23:41,706 [Worker-19: Building] INFO  o.a.m.s.f.DefaultMavenResourcesFiltering - Copying 0 resource
2022-12-01 08:23:41,709 [Worker-19: Building] INFO  o.a.m.s.f.DefaultMavenResourcesFiltering - skip non existing resourceDirectory C:\Projeto-SpringBoot-Webservices\WebServices\src\test\resources
2022-12-01 08:23:46,838 [Worker-19: Building] INFO  o.a.m.s.f.DefaultMavenResourcesFiltering - Copying 2 resources
2022-12-01 08:23:46,858 [Worker-19: Building] INFO  o.a.m.s.f.DefaultMavenResourcesFiltering - Copying 0 resource
2022-12-01 08:23:46,861 [Worker-19: Building] INFO  o.a.m.s.f.DefaultMavenResourcesFiltering - skip non existing resourceDirectory C:\Projeto-SpringBoot-Webservices\WebServices\src\test\resources
2022-12-01 08:26:39,753 [Worker-19: Building] INFO  o.a.m.s.f.DefaultMavenResourcesFiltering - Copying 2 resources
2022-12-01 08:26:39,764 [Worker-19: Building] INFO  o.a.m.s.f.DefaultMavenResourcesFiltering - Copying 0 resource
2022-12-01 08:26:39,767 [Worker-19: Building] INFO  o.a.m.s.f.DefaultMavenResourcesFiltering - skip non existing resourceDirectory C:\Projeto-SpringBoot-Webservices\WebServices\src\test\resources
2022-12-01 08:27:02,087 [Worker-13: Building] INFO  o.a.m.s.f.DefaultMavenResourcesFiltering - Copying 2 resources
2022-12-01 08:27:02,098 [Worker-13: Building] INFO  o.a.m.s.f.DefaultMavenResourcesFiltering - Copying 0 resource
2022-12-01 08:27:02,101 [Worker-13: Building] INFO  o.a.m.s.f.DefaultMavenResourcesFiltering - skip non existing resourceDirectory C:\Projeto-SpringBoot-Webservices\WebServices\src\test\resources
2022-12-01 08:27:12,805 [Worker-13: Building] INFO  o.a.m.s.f.DefaultMavenResourcesFiltering - Copying 2 resources
2022-12-01 08:27:12,863 [Worker-13: Building] INFO  o.a.m.s.f.DefaultMavenResourcesFiltering - Copying 0 resource
2022-12-01 08:27:12,866 [Worker-13: Building] INFO  o.a.m.s.f.DefaultMavenResourcesFiltering - skip non existing resourceDirectory C:\Projeto-SpringBoot-Webservices\WebServices\src\test\resources
2022-12-01 08:27:33,454 [Worker-15: Building] INFO  o.a.m.s.f.DefaultMavenResourcesFiltering - Copying 2 resources
2022-12-01 08:27:33,462 [Worker-15: Building] INFO  o.a.m.s.f.DefaultMavenResourcesFiltering - Copying 0 resource
2022-12-01 08:27:33,465 [Worker-15: Building] INFO  o.a.m.s.f.DefaultMavenResourcesFiltering - skip non existing resourceDirectory C:\Projeto-SpringBoot-Webservices\WebServices\src\test\resources
2022-12-01 08:27:53,682 [Worker-19: Building] INFO  o.a.m.s.f.DefaultMavenResourcesFiltering - Copying 2 resources
2022-12-01 08:27:53,690 [Worker-19: Building] INFO  o.a.m.s.f.DefaultMavenResourcesFiltering - Copying 0 resource
2022-12-01 08:27:53,693 [Worker-19: Building] INFO  o.a.m.s.f.DefaultMavenResourcesFiltering - skip non existing resourceDirectory C:\Projeto-SpringBoot-Webservices\WebServices\src\test\resources
2022-12-01 08:28:50,842 [Worker-19: Building] INFO  o.a.m.s.f.DefaultMavenResourcesFiltering - Copying 2 resources
2022-12-01 08:28:50,852 [Worker-19: Building] INFO  o.a.m.s.f.DefaultMavenResourcesFiltering - Copying 0 resource
2022-12-01 08:28:50,855 [Worker-19: Building] INFO  o.a.m.s.f.DefaultMavenResourcesFiltering - skip non existing resourceDirectory C:\Projeto-SpringBoot-Webservices\WebServices\src\test\resources
2022-12-01 08:29:38,297 [Worker-19: Building] INFO  o.a.m.s.f.DefaultMavenResourcesFiltering - Copying 2 resources
2022-12-01 08:29:38,307 [Worker-19: Building] INFO  o.a.m.s.f.DefaultMavenResourcesFiltering - Copying 0 resource
2022-12-01 08:29:38,310 [Worker-19: Building] INFO  o.a.m.s.f.DefaultMavenResourcesFiltering - skip non existing resourceDirectory C:\Projeto-SpringBoot-Webservices\WebServices\src\test\resources
2022-12-01 08:30:50,248 [Worker-16: Building] INFO  o.a.m.s.f.DefaultMavenResourcesFiltering - Copying 2 resources
2022-12-01 08:30:50,258 [Worker-16: Building] INFO  o.a.m.s.f.DefaultMavenResourcesFiltering - Copying 0 resource
2022-12-01 08:30:50,260 [Worker-16: Building] INFO  o.a.m.s.f.DefaultMavenResourcesFiltering - skip non existing resourceDirectory C:\Projeto-SpringBoot-Webservices\WebServices\src\test\resources
2022-12-01 08:31:01,328 [Worker-13: Building] INFO  o.a.m.s.f.DefaultMavenResourcesFiltering - Copying 2 resources
2022-12-01 08:31:01,337 [Worker-13: Building] INFO  o.a.m.s.f.DefaultMavenResourcesFiltering - Copying 0 resource
2022-12-01 08:31:01,340 [Worker-13: Building] INFO  o.a.m.s.f.DefaultMavenResourcesFiltering - skip non existing resourceDirectory C:\Projeto-SpringBoot-Webservices\WebServices\src\test\resources
2022-12-01 08:32:42,826 [Worker-21: Building] INFO  o.a.m.s.f.DefaultMavenResourcesFiltering - Copying 2 resources
2022-12-01 08:32:42,834 [Worker-21: Building] INFO  o.a.m.s.f.DefaultMavenResourcesFiltering - Copying 0 resource
2022-12-01 08:32:42,836 [Worker-21: Building] INFO  o.a.m.s.f.DefaultMavenResourcesFiltering - skip non existing resourceDirectory C:\Projeto-SpringBoot-Webservices\WebServices\src\test\resources
2022-12-01 08:33:16,409 [Worker-16: Building] INFO  o.a.m.s.f.DefaultMavenResourcesFiltering - Copying 2 resources
2022-12-01 08:33:16,417 [Worker-16: Building] INFO  o.a.m.s.f.DefaultMavenResourcesFiltering - Copying 0 resource
2022-12-01 08:33:16,420 [Worker-16: Building] INFO  o.a.m.s.f.DefaultMavenResourcesFiltering - skip non existing resourceDirectory C:\Projeto-SpringBoot-Webservices\WebServices\src\test\resources
2022-12-01 08:33:25,357 [Worker-21: Building] INFO  o.a.m.s.f.DefaultMavenResourcesFiltering - Copying 2 resources
2022-12-01 08:33:25,364 [Worker-21: Building] INFO  o.a.m.s.f.DefaultMavenResourcesFiltering - Copying 0 resource
2022-12-01 08:33:25,366 [Worker-21: Building] INFO  o.a.m.s.f.DefaultMavenResourcesFiltering - skip non existing resourceDirectory C:\Projeto-SpringBoot-Webservices\WebServices\src\test\resources
2022-12-01 08:33:48,874 [Worker-20: Building] INFO  o.a.m.s.f.DefaultMavenResourcesFiltering - Copying 2 resources
2022-12-01 08:33:48,882 [Worker-20: Building] INFO  o.a.m.s.f.DefaultMavenResourcesFiltering - Copying 0 resource
2022-12-01 08:33:48,885 [Worker-20: Building] INFO  o.a.m.s.f.DefaultMavenResourcesFiltering - skip non existing resourceDirectory C:\Projeto-SpringBoot-Webservices\WebServices\src\test\resources
2022-12-01 08:49:30,309 [Worker-22: Building] INFO  o.a.m.s.f.DefaultMavenResourcesFiltering - Copying 2 resources
2022-12-01 08:49:30,321 [Worker-22: Building] INFO  o.a.m.s.f.DefaultMavenResourcesFiltering - Copying 0 resource
2022-12-01 08:49:30,323 [Worker-22: Building] INFO  o.a.m.s.f.DefaultMavenResourcesFiltering - skip non existing resourceDirectory C:\Projeto-SpringBoot-Webservices\WebServices\src\test\resources
2022-12-01 08:50:33,305 [Worker-26: Building] INFO  o.a.m.s.f.DefaultMavenResourcesFiltering - Copying 2 resources
2022-12-01 08:50:33,319 [Worker-26: Building] INFO  o.a.m.s.f.DefaultMavenResourcesFiltering - Copying 0 resource
2022-12-01 08:50:33,322 [Worker-26: Building] INFO  o.a.m.s.f.DefaultMavenResourcesFiltering - skip non existing resourceDirectory C:\Projeto-SpringBoot-Webservices\WebServices\src\test\resources
2022-12-01 08:54:23,035 [Worker-30: Building] INFO  o.a.m.s.f.DefaultMavenResourcesFiltering - Copying 2 resources
2022-12-01 08:54:23,046 [Worker-30: Building] INFO  o.a.m.s.f.DefaultMavenResourcesFiltering - Copying 0 resource
2022-12-01 08:54:23,048 [Worker-30: Building] INFO  o.a.m.s.f.DefaultMavenResourcesFiltering - skip non existing resourceDirectory C:\Projeto-SpringBoot-Webservices\WebServices\src\test\resources
2022-12-01 08:55:05,954 [Worker-28: Launching WebServices - WebServicesApplication] INFO  o.a.m.s.f.DefaultMavenResourcesFiltering - Copying 2 resources
2022-12-01 08:55:05,965 [Worker-28: Launching WebServices - WebServicesApplication] INFO  o.a.m.s.f.DefaultMavenResourcesFiltering - Copying 0 resource
2022-12-01 08:55:05,967 [Worker-28: Launching WebServices - WebServicesApplication] INFO  o.a.m.s.f.DefaultMavenResourcesFiltering - skip non existing resourceDirectory C:\Projeto-SpringBoot-Webservices\WebServices\src\test\resources
2022-12-01 08:57:19,895 [Worker-20: Building] INFO  o.a.m.s.f.DefaultMavenResourcesFiltering - Copying 2 resources
2022-12-01 08:57:19,938 [Worker-20: Building] INFO  o.a.m.s.f.DefaultMavenResourcesFiltering - Copying 0 resource
2022-12-01 08:57:19,942 [Worker-20: Building] INFO  o.a.m.s.f.DefaultMavenResourcesFiltering - skip non existing resourceDirectory C:\Projeto-SpringBoot-Webservices\WebServices\src\test\resources
2022-12-01 09:22:01,680 [Worker-27: Building] INFO  o.a.m.s.f.DefaultMavenResourcesFiltering - Copying 2 resources
2022-12-01 09:22:01,714 [Worker-27: Building] INFO  o.a.m.s.f.DefaultMavenResourcesFiltering - Copying 0 resource
2022-12-01 09:22:01,717 [Worker-27: Building] INFO  o.a.m.s.f.DefaultMavenResourcesFiltering - skip non existing resourceDirectory C:\Projeto-SpringBoot-Webservices\WebServices\src\test\resources
2022-12-01 09:23:21,275 [Worker-35: Building] INFO  o.a.m.s.f.DefaultMavenResourcesFiltering - Copying 2 resources
2022-12-01 09:23:21,287 [Worker-35: Building] INFO  o.a.m.s.f.DefaultMavenResourcesFiltering - Copying 0 resource
2022-12-01 09:23:21,289 [Worker-35: Building] INFO  o.a.m.s.f.DefaultMavenResourcesFiltering - skip non existing resourceDirectory C:\Projeto-SpringBoot-Webservices\WebServices\src\test\resources
2022-12-01 09:24:26,537 [Worker-36: Building] INFO  o.a.m.s.f.DefaultMavenResourcesFiltering - Copying 2 resources
2022-12-01 09:24:26,546 [Worker-36: Building] INFO  o.a.m.s.f.DefaultMavenResourcesFiltering - Copying 0 resource
2022-12-01 09:24:26,549 [Worker-36: Building] INFO  o.a.m.s.f.DefaultMavenResourcesFiltering - skip non existing resourceDirectory C:\Projeto-SpringBoot-Webservices\WebServices\src\test\resources
2022-12-01 09:24:45,380 [Worker-32: Building] INFO  o.a.m.s.f.DefaultMavenResourcesFiltering - Copying 2 resources
2022-12-01 09:24:45,388 [Worker-32: Building] INFO  o.a.m.s.f.DefaultMavenResourcesFiltering - Copying 0 resource
2022-12-01 09:24:45,391 [Worker-32: Building] INFO  o.a.m.s.f.DefaultMavenResourcesFiltering - skip non existing resourceDirectory C:\Projeto-SpringBoot-Webservices\WebServices\src\test\resources
2022-12-01 09:26:59,490 [Worker-34: Building] INFO  o.a.m.s.f.DefaultMavenResourcesFiltering - Copying 2 resources
2022-12-01 09:26:59,499 [Worker-34: Building] INFO  o.a.m.s.f.DefaultMavenResourcesFiltering - Copying 0 resource
2022-12-01 09:26:59,501 [Worker-34: Building] INFO  o.a.m.s.f.DefaultMavenResourcesFiltering - skip non existing resourceDirectory C:\Projeto-SpringBoot-Webservices\WebServices\src\test\resources
2022-12-01 09:28:14,598 [Worker-34: Building] INFO  o.a.m.s.f.DefaultMavenResourcesFiltering - Copying 2 resources
2022-12-01 09:28:14,608 [Worker-34: Building] INFO  o.a.m.s.f.DefaultMavenResourcesFiltering - Copying 0 resource
2022-12-01 09:28:14,611 [Worker-34: Building] INFO  o.a.m.s.f.DefaultMavenResourcesFiltering - skip non existing resourceDirectory C:\Projeto-SpringBoot-Webservices\WebServices\src\test\resources
2022-12-01 09:31:06,220 [Worker-34: Building] INFO  o.a.m.s.f.DefaultMavenResourcesFiltering - Copying 2 resources
2022-12-01 09:31:06,269 [Worker-34: Building] INFO  o.a.m.s.f.DefaultMavenResourcesFiltering - Copying 0 resource
2022-12-01 09:31:06,272 [Worker-34: Building] INFO  o.a.m.s.f.DefaultMavenResourcesFiltering - skip non existing resourceDirectory C:\Projeto-SpringBoot-Webservices\WebServices\src\test\resources
2022-12-01 09:32:15,503 [Worker-39: Building] INFO  o.a.m.s.f.DefaultMavenResourcesFiltering - Copying 2 resources
2022-12-01 09:32:15,512 [Worker-39: Building] INFO  o.a.m.s.f.DefaultMavenResourcesFiltering - Copying 0 resource
2022-12-01 09:32:15,515 [Worker-39: Building] INFO  o.a.m.s.f.DefaultMavenResourcesFiltering - skip non existing resourceDirectory C:\Projeto-SpringBoot-Webservices\WebServices\src\test\resources
2022-12-01 09:32:57,515 [Worker-39: Building] INFO  o.a.m.s.f.DefaultMavenResourcesFiltering - Copying 2 resources
2022-12-01 09:32:57,524 [Worker-39: Building] INFO  o.a.m.s.f.DefaultMavenResourcesFiltering - Copying 0 resource
2022-12-01 09:32:57,527 [Worker-39: Building] INFO  o.a.m.s.f.DefaultMavenResourcesFiltering - skip non existing resourceDirectory C:\Projeto-SpringBoot-Webservices\WebServices\src\test\resources
2022-12-01 10:23:30,164 [Worker-43: Building] INFO  o.a.m.s.f.DefaultMavenResourcesFiltering - Copying 2 resources
2022-12-01 10:23:30,200 [Worker-43: Building] INFO  o.a.m.s.f.DefaultMavenResourcesFiltering - Copying 0 resource
2022-12-01 10:23:30,203 [Worker-43: Building] INFO  o.a.m.s.f.DefaultMavenResourcesFiltering - skip non existing resourceDirectory C:\Projeto-SpringBoot-Webservices\WebServices\src\test\resources
2022-12-01 10:25:54,994 [Worker-46: Building Workspace] INFO  o.a.m.s.f.DefaultMavenResourcesFiltering - Copying 2 resources
2022-12-01 10:25:55,013 [Worker-46: Building Workspace] INFO  o.a.m.s.f.DefaultMavenResourcesFiltering - Copying 0 resource
2022-12-01 10:25:55,016 [Worker-46: Building Workspace] INFO  o.a.m.s.f.DefaultMavenResourcesFiltering - skip non existing resourceDirectory C:\Projeto-SpringBoot-Webservices\WebServices\src\test\resources
2022-12-01 10:26:08,012 [Worker-38: Building] INFO  o.a.m.s.f.DefaultMavenResourcesFiltering - Copying 2 resources
2022-12-01 10:26:08,031 [Worker-38: Building] INFO  o.a.m.s.f.DefaultMavenResourcesFiltering - Copying 0 resource
2022-12-01 10:26:08,034 [Worker-38: Building] INFO  o.a.m.s.f.DefaultMavenResourcesFiltering - skip non existing resourceDirectory C:\Projeto-SpringBoot-Webservices\WebServices\src\test\resources
2022-12-01 10:26:37,655 [Worker-39: Building] INFO  o.a.m.s.f.DefaultMavenResourcesFiltering - Copying 2 resources
2022-12-01 10:26:37,663 [Worker-39: Building] INFO  o.a.m.s.f.DefaultMavenResourcesFiltering - Copying 0 resource
2022-12-01 10:26:37,666 [Worker-39: Building] INFO  o.a.m.s.f.DefaultMavenResourcesFiltering - skip non existing resourceDirectory C:\Projeto-SpringBoot-Webservices\WebServices\src\test\resources
2022-12-01 10:28:13,747 [Worker-46: Building] INFO  o.a.m.s.f.DefaultMavenResourcesFiltering - Copying 2 resources
2022-12-01 10:28:13,754 [Worker-46: Building] INFO  o.a.m.s.f.DefaultMavenResourcesFiltering - Copying 0 resource
2022-12-01 10:28:13,757 [Worker-46: Building] INFO  o.a.m.s.f.DefaultMavenResourcesFiltering - skip non existing resourceDirectory C:\Projeto-SpringBoot-Webservices\WebServices\src\test\resources
2022-12-01 10:28:24,184 [Worker-47: Building] INFO  o.a.m.s.f.DefaultMavenResourcesFiltering - Copying 2 resources
2022-12-01 10:28:24,192 [Worker-47: Building] INFO  o.a.m.s.f.DefaultMavenResourcesFiltering - Copying 0 resource
2022-12-01 10:28:24,194 [Worker-47: Building] INFO  o.a.m.s.f.DefaultMavenResourcesFiltering - skip non existing resourceDirectory C:\Projeto-SpringBoot-Webservices\WebServices\src\test\resources
2022-12-01 10:29:46,118 [Worker-46: Launching WebServices - WebServicesApplication] INFO  o.a.m.s.f.DefaultMavenResourcesFiltering - Copying 2 resources
2022-12-01 10:29:46,128 [Worker-46: Launching WebServices - WebServicesApplication] INFO  o.a.m.s.f.DefaultMavenResourcesFiltering - Copying 0 resource
2022-12-01 10:29:46,130 [Worker-46: Launching WebServices - WebServicesApplication] INFO  o.a.m.s.f.DefaultMavenResourcesFiltering - skip non existing resourceDirectory C:\Projeto-SpringBoot-Webservices\WebServices\src\test\resources
2022-12-01 10:32:08,178 [Worker-49: Launching WebServices - WebServicesApplication] INFO  o.a.m.s.f.DefaultMavenResourcesFiltering - Copying 2 resources
2022-12-01 10:32:08,187 [Worker-49: Launching WebServices - WebServicesApplication] INFO  o.a.m.s.f.DefaultMavenResourcesFiltering - Copying 0 resource
2022-12-01 10:32:08,192 [Worker-49: Launching WebServices - WebServicesApplication] INFO  o.a.m.s.f.DefaultMavenResourcesFiltering - skip non existing resourceDirectory C:\Projeto-SpringBoot-Webservices\WebServices\src\test\resources
2022-12-01 10:53:03,704 [Worker-51: Building] INFO  o.a.m.s.f.DefaultMavenResourcesFiltering - Copying 2 resources
2022-12-01 10:53:03,731 [Worker-51: Building] INFO  o.a.m.s.f.DefaultMavenResourcesFiltering - Copying 0 resource
2022-12-01 10:53:03,735 [Worker-51: Building] INFO  o.a.m.s.f.DefaultMavenResourcesFiltering - skip non existing resourceDirectory C:\Projeto-SpringBoot-Webservices\WebServices\src\test\resources
2022-12-01 10:53:54,930 [Worker-49: Building] INFO  o.a.m.s.f.DefaultMavenResourcesFiltering - Copying 2 resources
2022-12-01 10:53:54,954 [Worker-49: Building] INFO  o.a.m.s.f.DefaultMavenResourcesFiltering - Copying 0 resource
2022-12-01 10:53:54,957 [Worker-49: Building] INFO  o.a.m.s.f.DefaultMavenResourcesFiltering - skip non existing resourceDirectory C:\Projeto-SpringBoot-Webservices\WebServices\src\test\resources
2022-12-01 10:57:02,396 [Worker-52: Building] INFO  o.a.m.s.f.DefaultMavenResourcesFiltering - Copying 2 resources
2022-12-01 10:57:02,425 [Worker-52: Building] INFO  o.a.m.s.f.DefaultMavenResourcesFiltering - Copying 0 resource
2022-12-01 10:57:02,450 [Worker-52: Building] INFO  o.a.m.s.f.DefaultMavenResourcesFiltering - skip non existing resourceDirectory C:\Projeto-SpringBoot-Webservices\WebServices\src\test\resources
2022-12-01 10:58:32,116 [Worker-56: Building] INFO  o.a.m.s.f.DefaultMavenResourcesFiltering - Copying 2 resources
2022-12-01 10:58:32,126 [Worker-56: Building] INFO  o.a.m.s.f.DefaultMavenResourcesFiltering - Copying 0 resource
2022-12-01 10:58:32,129 [Worker-56: Building] INFO  o.a.m.s.f.DefaultMavenResourcesFiltering - skip non existing resourceDirectory C:\Projeto-SpringBoot-Webservices\WebServices\src\test\resources
2022-12-01 10:58:42,801 [Worker-60: Building] INFO  o.a.m.s.f.DefaultMavenResourcesFiltering - Copying 2 resources
2022-12-01 10:58:42,809 [Worker-60: Building] INFO  o.a.m.s.f.DefaultMavenResourcesFiltering - Copying 0 resource
2022-12-01 10:58:42,812 [Worker-60: Building] INFO  o.a.m.s.f.DefaultMavenResourcesFiltering - skip non existing resourceDirectory C:\Projeto-SpringBoot-Webservices\WebServices\src\test\resources
2022-12-01 11:03:40,135 [Worker-62: Building] INFO  o.a.m.s.f.DefaultMavenResourcesFiltering - Copying 2 resources
2022-12-01 11:03:40,142 [Worker-62: Building] INFO  o.a.m.s.f.DefaultMavenResourcesFiltering - Copying 0 resource
2022-12-01 11:03:40,145 [Worker-62: Building] INFO  o.a.m.s.f.DefaultMavenResourcesFiltering - skip non existing resourceDirectory C:\Projeto-SpringBoot-Webservices\WebServices\src\test\resources
2022-12-01 11:05:13,800 [Worker-60: Building] INFO  o.a.m.s.f.DefaultMavenResourcesFiltering - Copying 2 resources
2022-12-01 11:05:13,808 [Worker-60: Building] INFO  o.a.m.s.f.DefaultMavenResourcesFiltering - Copying 0 resource
2022-12-01 11:05:13,811 [Worker-60: Building] INFO  o.a.m.s.f.DefaultMavenResourcesFiltering - skip non existing resourceDirectory C:\Projeto-SpringBoot-Webservices\WebServices\src\test\resources
2022-12-01 11:06:13,874 [Worker-50: Building] INFO  o.a.m.s.f.DefaultMavenResourcesFiltering - Copying 2 resources
2022-12-01 11:06:13,883 [Worker-50: Building] INFO  o.a.m.s.f.DefaultMavenResourcesFiltering - Copying 0 resource
2022-12-01 11:06:13,887 [Worker-50: Building] INFO  o.a.m.s.f.DefaultMavenResourcesFiltering - skip non existing resourceDirectory C:\Projeto-SpringBoot-Webservices\WebServices\src\test\resources
2022-12-01 11:06:32,842 [Worker-62: Building] INFO  o.a.m.s.f.DefaultMavenResourcesFiltering - Copying 2 resources
2022-12-01 11:06:32,850 [Worker-62: Building] INFO  o.a.m.s.f.DefaultMavenResourcesFiltering - Copying 0 resource
2022-12-01 11:06:32,853 [Worker-62: Building] INFO  o.a.m.s.f.DefaultMavenResourcesFiltering - skip non existing resourceDirectory C:\Projeto-SpringBoot-Webservices\WebServices\src\test\resources
2022-12-01 11:08:06,426 [Worker-64: Building] INFO  o.a.m.s.f.DefaultMavenResourcesFiltering - Copying 2 resources
2022-12-01 11:08:06,436 [Worker-64: Building] INFO  o.a.m.s.f.DefaultMavenResourcesFiltering - Copying 0 resource
2022-12-01 11:08:06,439 [Worker-64: Building] INFO  o.a.m.s.f.DefaultMavenResourcesFiltering - skip non existing resourceDirectory C:\Projeto-SpringBoot-Webservices\WebServices\src\test\resources
2022-12-01 11:11:07,117 [Worker-50: Building] INFO  o.a.m.s.f.DefaultMavenResourcesFiltering - Copying 2 resources
2022-12-01 11:11:07,127 [Worker-50: Building] INFO  o.a.m.s.f.DefaultMavenResourcesFiltering - Copying 0 resource
2022-12-01 11:11:07,129 [Worker-50: Building] INFO  o.a.m.s.f.DefaultMavenResourcesFiltering - skip non existing resourceDirectory C:\Projeto-SpringBoot-Webservices\WebServices\src\test\resources
2022-12-01 11:11:23,805 [Worker-64: Building] INFO  o.a.m.s.f.DefaultMavenResourcesFiltering - Copying 2 resources
2022-12-01 11:11:23,814 [Worker-64: Building] INFO  o.a.m.s.f.DefaultMavenResourcesFiltering - Copying 0 resource
2022-12-01 11:11:23,817 [Worker-64: Building] INFO  o.a.m.s.f.DefaultMavenResourcesFiltering - skip non existing resourceDirectory C:\Projeto-SpringBoot-Webservices\WebServices\src\test\resources
2022-12-01 11:11:28,348 [Worker-60: Launching WebServices - WebServicesApplication] INFO  o.a.m.s.f.DefaultMavenResourcesFiltering - Copying 2 resources
2022-12-01 11:11:28,359 [Worker-60: Launching WebServices - WebServicesApplication] INFO  o.a.m.s.f.DefaultMavenResourcesFiltering - Copying 0 resource
2022-12-01 11:11:28,361 [Worker-60: Launching WebServices - WebServicesApplication] INFO  o.a.m.s.f.DefaultMavenResourcesFiltering - skip non existing resourceDirectory C:\Projeto-SpringBoot-Webservices\WebServices\src\test\resources
2022-12-01 11:12:26,688 [Worker-62: Launching WebServices - WebServicesApplication] INFO  o.a.m.s.f.DefaultMavenResourcesFiltering - Copying 2 resources
2022-12-01 11:12:26,698 [Worker-62: Launching WebServices - WebServicesApplication] INFO  o.a.m.s.f.DefaultMavenResourcesFiltering - Copying 0 resource
2022-12-01 11:12:26,700 [Worker-62: Launching WebServices - WebServicesApplication] INFO  o.a.m.s.f.DefaultMavenResourcesFiltering - skip non existing resourceDirectory C:\Projeto-SpringBoot-Webservices\WebServices\src\test\resources
2022-12-01 11:16:27,878 [Worker-67: Building] INFO  o.a.m.s.f.DefaultMavenResourcesFiltering - Copying 2 resources
2022-12-01 11:16:27,888 [Worker-67: Building] INFO  o.a.m.s.f.DefaultMavenResourcesFiltering - Copying 0 resource
2022-12-01 11:16:27,890 [Worker-67: Building] INFO  o.a.m.s.f.DefaultMavenResourcesFiltering - skip non existing resourceDirectory C:\Projeto-SpringBoot-Webservices\WebServices\src\test\resources
2022-12-01 11:17:47,723 [Worker-66: Building] INFO  o.a.m.s.f.DefaultMavenResourcesFiltering - Copying 2 resources
2022-12-01 11:17:47,738 [Worker-66: Building] INFO  o.a.m.s.f.DefaultMavenResourcesFiltering - Copying 0 resource
2022-12-01 11:17:47,742 [Worker-66: Building] INFO  o.a.m.s.f.DefaultMavenResourcesFiltering - skip non existing resourceDirectory C:\Projeto-SpringBoot-Webservices\WebServices\src\test\resources
2022-12-01 11:17:58,419 [Worker-64: Launching WebServices - WebServicesApplication] INFO  o.a.m.s.f.DefaultMavenResourcesFiltering - Copying 2 resources
2022-12-01 11:17:58,428 [Worker-64: Launching WebServices - WebServicesApplication] INFO  o.a.m.s.f.DefaultMavenResourcesFiltering - Copying 0 resource
2022-12-01 11:17:58,431 [Worker-64: Launching WebServices - WebServicesApplication] INFO  o.a.m.s.f.DefaultMavenResourcesFiltering - skip non existing resourceDirectory C:\Projeto-SpringBoot-Webservices\WebServices\src\test\resources
2022-12-01 11:18:35,971 [Worker-67: Building] INFO  o.a.m.s.f.DefaultMavenResourcesFiltering - Copying 2 resources
2022-12-01 11:18:35,981 [Worker-67: Building] INFO  o.a.m.s.f.DefaultMavenResourcesFiltering - Copying 0 resource
2022-12-01 11:18:35,983 [Worker-67: Building] INFO  o.a.m.s.f.DefaultMavenResourcesFiltering - skip non existing resourceDirectory C:\Projeto-SpringBoot-Webservices\WebServices\src\test\resources
2022-12-01 18:33:47,040 [Worker-0: Loading available Gradle versions] INFO  o.e.b.c.i.u.g.PublishedGradleVersions - Gradle version information cache is up-to-date. Trying to read.
2022-12-01 18:37:20,484 [Worker-1: Building] INFO  o.a.m.s.f.DefaultMavenResourcesFiltering - Copying 2 resources
2022-12-01 18:37:20,516 [Worker-1: Building] INFO  o.a.m.s.f.DefaultMavenResourcesFiltering - Copying 0 resource
2022-12-01 18:37:20,521 [Worker-1: Building] INFO  o.a.m.s.f.DefaultMavenResourcesFiltering - skip non existing resourceDirectory C:\Projeto-SpringBoot-Webservices\WebServices\src\test\resources
2022-12-01 18:37:45,973 [Worker-3: Building] INFO  o.a.m.s.f.DefaultMavenResourcesFiltering - Copying 2 resources
2022-12-01 18:37:46,006 [Worker-3: Building] INFO  o.a.m.s.f.DefaultMavenResourcesFiltering - Copying 0 resource
2022-12-01 18:37:46,010 [Worker-3: Building] INFO  o.a.m.s.f.DefaultMavenResourcesFiltering - skip non existing resourceDirectory C:\Projeto-SpringBoot-Webservices\WebServices\src\test\resources
2022-12-01 18:37:58,264 [Worker-0: Building] INFO  o.a.m.s.f.DefaultMavenResourcesFiltering - Copying 2 resources
2022-12-01 18:37:58,312 [Worker-0: Building] INFO  o.a.m.s.f.DefaultMavenResourcesFiltering - Copying 0 resource
2022-12-01 18:37:58,319 [Worker-0: Building] INFO  o.a.m.s.f.DefaultMavenResourcesFiltering - skip non existing resourceDirectory C:\Projeto-SpringBoot-Webservices\WebServices\src\test\resources
2022-12-01 18:47:54,777 [Worker-10: Building] INFO  o.a.m.s.f.DefaultMavenResourcesFiltering - Copying 2 resources
2022-12-01 18:47:54,788 [Worker-10: Building] INFO  o.a.m.s.f.DefaultMavenResourcesFiltering - Copying 0 resource
2022-12-01 18:47:54,791 [Worker-10: Building] INFO  o.a.m.s.f.DefaultMavenResourcesFiltering - skip non existing resourceDirectory C:\Projeto-SpringBoot-Webservices\WebServices\src\test\resources
2022-12-01 18:48:14,241 [Worker-4: Building] INFO  o.a.m.s.f.DefaultMavenResourcesFiltering - Copying 2 resources
2022-12-01 18:48:14,284 [Worker-4: Building] INFO  o.a.m.s.f.DefaultMavenResourcesFiltering - Copying 0 resource
2022-12-01 18:48:14,287 [Worker-4: Building] INFO  o.a.m.s.f.DefaultMavenResourcesFiltering - skip non existing resourceDirectory C:\Projeto-SpringBoot-Webservices\WebServices\src\test\resources
2022-12-01 18:48:26,596 [Worker-8: Launching WebServices - WebServicesApplication] INFO  o.a.m.s.f.DefaultMavenResourcesFiltering - Copying 2 resources
2022-12-01 18:48:26,607 [Worker-8: Launching WebServices - WebServicesApplication] INFO  o.a.m.s.f.DefaultMavenResourcesFiltering - Copying 0 resource
2022-12-01 18:48:26,611 [Worker-8: Launching WebServices - WebServicesApplication] INFO  o.a.m.s.f.DefaultMavenResourcesFiltering - skip non existing resourceDirectory C:\Projeto-SpringBoot-Webservices\WebServices\src\test\resources
2022-12-01 19:21:47,288 [Worker-13: Building] INFO  o.a.m.s.f.DefaultMavenResourcesFiltering - Copying 2 resources
2022-12-01 19:21:47,333 [Worker-13: Building] INFO  o.a.m.s.f.DefaultMavenResourcesFiltering - Copying 0 resource
2022-12-01 19:21:47,337 [Worker-13: Building] INFO  o.a.m.s.f.DefaultMavenResourcesFiltering - skip non existing resourceDirectory C:\Projeto-SpringBoot-Webservices\WebServices\src\test\resources
2022-12-01 19:24:06,039 [Worker-16: Launching WebServices - WebServicesApplication] INFO  o.a.m.s.f.DefaultMavenResourcesFiltering - Copying 2 resources
2022-12-01 19:24:06,048 [Worker-16: Launching WebServices - WebServicesApplication] INFO  o.a.m.s.f.DefaultMavenResourcesFiltering - Copying 0 resource
2022-12-01 19:24:06,054 [Worker-16: Launching WebServices - WebServicesApplication] INFO  o.a.m.s.f.DefaultMavenResourcesFiltering - skip non existing resourceDirectory C:\Projeto-SpringBoot-Webservices\WebServices\src\test\resources
2022-12-01 19:30:55,455 [Worker-17: Building] INFO  o.a.m.s.f.DefaultMavenResourcesFiltering - Copying 2 resources
2022-12-01 19:30:55,469 [Worker-17: Building] INFO  o.a.m.s.f.DefaultMavenResourcesFiltering - Copying 0 resource
2022-12-01 19:30:55,472 [Worker-17: Building] INFO  o.a.m.s.f.DefaultMavenResourcesFiltering - skip non existing resourceDirectory C:\Projeto-SpringBoot-Webservices\WebServices\src\test\resources
2022-12-01 19:32:32,949 [Worker-18: Building] INFO  o.a.m.s.f.DefaultMavenResourcesFiltering - Copying 2 resources
2022-12-01 19:32:32,958 [Worker-18: Building] INFO  o.a.m.s.f.DefaultMavenResourcesFiltering - Copying 0 resource
2022-12-01 19:32:32,961 [Worker-18: Building] INFO  o.a.m.s.f.DefaultMavenResourcesFiltering - skip non existing resourceDirectory C:\Projeto-SpringBoot-Webservices\WebServices\src\test\resources
2022-12-01 19:32:39,221 [Worker-18: Building] INFO  o.a.m.s.f.DefaultMavenResourcesFiltering - Copying 2 resources
2022-12-01 19:32:39,231 [Worker-18: Building] INFO  o.a.m.s.f.DefaultMavenResourcesFiltering - Copying 0 resource
2022-12-01 19:32:39,234 [Worker-18: Building] INFO  o.a.m.s.f.DefaultMavenResourcesFiltering - skip non existing resourceDirectory C:\Projeto-SpringBoot-Webservices\WebServices\src\test\resources
2022-12-01 19:35:54,664 [Worker-20: Launching WebServices - WebServicesApplication] INFO  o.a.m.s.f.DefaultMavenResourcesFiltering - Copying 2 resources
2022-12-01 19:35:54,674 [Worker-20: Launching WebServices - WebServicesApplication] INFO  o.a.m.s.f.DefaultMavenResourcesFiltering - Copying 0 resource
2022-12-01 19:35:54,677 [Worker-20: Launching WebServices - WebServicesApplication] INFO  o.a.m.s.f.DefaultMavenResourcesFiltering - skip non existing resourceDirectory C:\Projeto-SpringBoot-Webservices\WebServices\src\test\resources
2022-12-01 19:44:08,908 [Worker-16: Building] INFO  o.a.m.s.f.DefaultMavenResourcesFiltering - Copying 2 resources
2022-12-01 19:44:08,917 [Worker-16: Building] INFO  o.a.m.s.f.DefaultMavenResourcesFiltering - Copying 0 resource
2022-12-01 19:44:08,920 [Worker-16: Building] INFO  o.a.m.s.f.DefaultMavenResourcesFiltering - skip non existing resourceDirectory C:\Projeto-SpringBoot-Webservices\WebServices\src\test\resources
2022-12-01 19:44:58,423 [Worker-22: Building] INFO  o.a.m.s.f.DefaultMavenResourcesFiltering - Copying 2 resources
2022-12-01 19:44:58,434 [Worker-22: Building] INFO  o.a.m.s.f.DefaultMavenResourcesFiltering - Copying 0 resource
2022-12-01 19:44:58,438 [Worker-22: Building] INFO  o.a.m.s.f.DefaultMavenResourcesFiltering - skip non existing resourceDirectory C:\Projeto-SpringBoot-Webservices\WebServices\src\test\resources
2022-12-01 19:45:01,381 [Worker-21: Building] INFO  o.a.m.s.f.DefaultMavenResourcesFiltering - Copying 2 resources
2022-12-01 19:45:01,391 [Worker-21: Building] INFO  o.a.m.s.f.DefaultMavenResourcesFiltering - Copying 0 resource
2022-12-01 19:45:01,394 [Worker-21: Building] INFO  o.a.m.s.f.DefaultMavenResourcesFiltering - skip non existing resourceDirectory C:\Projeto-SpringBoot-Webservices\WebServices\src\test\resources
2022-12-01 19:47:45,426 [Worker-21: Building] INFO  o.a.m.s.f.DefaultMavenResourcesFiltering - Copying 2 resources
2022-12-01 19:47:45,434 [Worker-21: Building] INFO  o.a.m.s.f.DefaultMavenResourcesFiltering - Copying 0 resource
2022-12-01 19:47:45,437 [Worker-21: Building] INFO  o.a.m.s.f.DefaultMavenResourcesFiltering - skip non existing resourceDirectory C:\Projeto-SpringBoot-Webservices\WebServices\src\test\resources
2022-12-01 19:52:29,826 [Worker-28: Building] INFO  o.a.m.s.f.DefaultMavenResourcesFiltering - Copying 2 resources
2022-12-01 19:52:29,838 [Worker-28: Building] INFO  o.a.m.s.f.DefaultMavenResourcesFiltering - Copying 0 resource
2022-12-01 19:52:29,840 [Worker-28: Building] INFO  o.a.m.s.f.DefaultMavenResourcesFiltering - skip non existing resourceDirectory C:\Projeto-SpringBoot-Webservices\WebServices\src\test\resources
2022-12-01 19:53:49,381 [Worker-27: Building] INFO  o.a.m.s.f.DefaultMavenResourcesFiltering - Copying 2 resources
2022-12-01 19:53:49,390 [Worker-27: Building] INFO  o.a.m.s.f.DefaultMavenResourcesFiltering - Copying 0 resource
2022-12-01 19:53:49,393 [Worker-27: Building] INFO  o.a.m.s.f.DefaultMavenResourcesFiltering - skip non existing resourceDirectory C:\Projeto-SpringBoot-Webservices\WebServices\src\test\resources
2022-12-01 19:54:00,121 [Worker-27: Building] INFO  o.a.m.s.f.DefaultMavenResourcesFiltering - Copying 2 resources
2022-12-01 19:54:00,139 [Worker-27: Building] INFO  o.a.m.s.f.DefaultMavenResourcesFiltering - Copying 0 resource
2022-12-01 19:54:00,142 [Worker-27: Building] INFO  o.a.m.s.f.DefaultMavenResourcesFiltering - skip non existing resourceDirectory C:\Projeto-SpringBoot-Webservices\WebServices\src\test\resources
2022-12-01 19:56:10,602 [Worker-27: Building] INFO  o.a.m.s.f.DefaultMavenResourcesFiltering - Copying 2 resources
2022-12-01 19:56:10,611 [Worker-27: Building] INFO  o.a.m.s.f.DefaultMavenResourcesFiltering - Copying 0 resource
2022-12-01 19:56:10,614 [Worker-27: Building] INFO  o.a.m.s.f.DefaultMavenResourcesFiltering - skip non existing resourceDirectory C:\Projeto-SpringBoot-Webservices\WebServices\src\test\resources
2022-12-01 19:56:32,056 [Worker-27: Building] INFO  o.a.m.s.f.DefaultMavenResourcesFiltering - Copying 2 resources
2022-12-01 19:56:32,091 [Worker-27: Building] INFO  o.a.m.s.f.DefaultMavenResourcesFiltering - Copying 0 resource
2022-12-01 19:56:32,094 [Worker-27: Building] INFO  o.a.m.s.f.DefaultMavenResourcesFiltering - skip non existing resourceDirectory C:\Projeto-SpringBoot-Webservices\WebServices\src\test\resources
2022-12-01 20:20:00,440 [Worker-38: Launching WebServices - WebServicesApplication] INFO  o.a.m.s.f.DefaultMavenResourcesFiltering - Copying 2 resources
2022-12-01 20:20:00,459 [Worker-38: Launching WebServices - WebServicesApplication] INFO  o.a.m.s.f.DefaultMavenResourcesFiltering - Copying 0 resource
2022-12-01 20:20:00,464 [Worker-38: Launching WebServices - WebServicesApplication] INFO  o.a.m.s.f.DefaultMavenResourcesFiltering - skip non existing resourceDirectory C:\Projeto-SpringBoot-Webservices\WebServices\src\test\resources
2022-12-01 22:42:40,740 [Worker-51: Building] INFO  o.e.m.c.i.l.LifecycleMappingFactory - Using org.eclipse.m2e.jdt.JarLifecycleMapping lifecycle mapping for MavenProject: com.alandev:WebServices:0.0.1-SNAPSHOT @ C:\Projeto-SpringBoot-Webservices\Projeto-SpringBoot-Rest\pom.xml.
2022-12-01 22:42:44,108 [Worker-51: Building] INFO  o.a.m.s.f.DefaultMavenResourcesFiltering - Copying 2 resources
2022-12-01 22:42:44,125 [Worker-51: Building] INFO  o.a.m.s.f.DefaultMavenResourcesFiltering - Copying 0 resource
2022-12-01 22:42:44,128 [Worker-51: Building] INFO  o.a.m.s.f.DefaultMavenResourcesFiltering - skip non existing resourceDirectory C:\Projeto-SpringBoot-Webservices\Projeto-SpringBoot-Rest\src\test\resources
2022-12-01 22:42:45,909 [Worker-57: Building] INFO  o.a.m.s.f.DefaultMavenResourcesFiltering - Copying 2 resources
2022-12-01 22:42:45,913 [Worker-57: Building] INFO  o.a.m.s.f.DefaultMavenResourcesFiltering - Copying 0 resource
2022-12-01 22:42:45,918 [Worker-57: Building] INFO  o.a.m.s.f.DefaultMavenResourcesFiltering - skip non existing resourceDirectory C:\Projeto-SpringBoot-Webservices\Projeto-SpringBoot-Rest\src\test\resources
2022-12-02 06:59:50,781 [Worker-2: Loading available Gradle versions] INFO  o.e.b.c.i.u.g.PublishedGradleVersions - Gradle version information cache is up-to-date. Trying to read.
2022-12-02 07:00:35,328 [Worker-7: Launching WebServices - WebServicesApplication] INFO  o.a.m.s.f.DefaultMavenResourcesFiltering - Copying 2 resources
2022-12-02 07:00:35,361 [Worker-7: Launching WebServices - WebServicesApplication] INFO  o.a.m.s.f.DefaultMavenResourcesFiltering - Copying 0 resource
2022-12-02 07:00:35,366 [Worker-7: Launching WebServices - WebServicesApplication] INFO  o.a.m.s.f.DefaultMavenResourcesFiltering - skip non existing resourceDirectory C:\Projeto-SpringBoot-Webservices\Projeto-SpringBoot-Rest\src\test\resources
2022-12-02 07:01:43,655 [Worker-3: Building] INFO  o.a.m.s.f.DefaultMavenResourcesFiltering - Copying 2 resources
2022-12-02 07:01:43,667 [Worker-3: Building] INFO  o.a.m.s.f.DefaultMavenResourcesFiltering - Copying 0 resource
2022-12-02 07:01:43,670 [Worker-3: Building] INFO  o.a.m.s.f.DefaultMavenResourcesFiltering - skip non existing resourceDirectory C:\Projeto-SpringBoot-Webservices\Projeto-SpringBoot-Rest\src\test\resources
2022-12-02 07:05:01,448 [Worker-8: Building] INFO  o.a.m.s.f.DefaultMavenResourcesFiltering - Copying 2 resources
2022-12-02 07:05:01,463 [Worker-8: Building] INFO  o.a.m.s.f.DefaultMavenResourcesFiltering - Copying 0 resource
2022-12-02 07:05:01,467 [Worker-8: Building] INFO  o.a.m.s.f.DefaultMavenResourcesFiltering - skip non existing resourceDirectory C:\Projeto-SpringBoot-Webservices\Projeto-SpringBoot-Rest\src\test\resources
2022-12-02 07:08:11,654 [Worker-1: Building] INFO  o.a.m.s.f.DefaultMavenResourcesFiltering - Copying 2 resources
2022-12-02 07:08:11,667 [Worker-1: Building] INFO  o.a.m.s.f.DefaultMavenResourcesFiltering - Copying 0 resource
2022-12-02 07:08:11,671 [Worker-1: Building] INFO  o.a.m.s.f.DefaultMavenResourcesFiltering - skip non existing resourceDirectory C:\Projeto-SpringBoot-Webservices\Projeto-SpringBoot-Rest\src\test\resources
2022-12-02 07:11:56,371 [Worker-11: Building] INFO  o.a.m.s.f.DefaultMavenResourcesFiltering - Copying 2 resources
2022-12-02 07:11:56,383 [Worker-11: Building] INFO  o.a.m.s.f.DefaultMavenResourcesFiltering - Copying 0 resource
2022-12-02 07:11:56,386 [Worker-11: Building] INFO  o.a.m.s.f.DefaultMavenResourcesFiltering - skip non existing resourceDirectory C:\Projeto-SpringBoot-Webservices\Projeto-SpringBoot-Rest\src\test\resources
2022-12-02 07:12:05,969 [Worker-9: Building] INFO  o.a.m.s.f.DefaultMavenResourcesFiltering - Copying 2 resources
2022-12-02 07:12:06,044 [Worker-9: Building] INFO  o.a.m.s.f.DefaultMavenResourcesFiltering - Copying 0 resource
2022-12-02 07:12:06,048 [Worker-9: Building] INFO  o.a.m.s.f.DefaultMavenResourcesFiltering - skip non existing resourceDirectory C:\Projeto-SpringBoot-Webservices\Projeto-SpringBoot-Rest\src\test\resources
2022-12-02 07:16:38,316 [Worker-11: Building] INFO  o.a.m.s.f.DefaultMavenResourcesFiltering - Copying 2 resources
2022-12-02 07:16:38,328 [Worker-11: Building] INFO  o.a.m.s.f.DefaultMavenResourcesFiltering - Copying 0 resource
2022-12-02 07:16:38,332 [Worker-11: Building] INFO  o.a.m.s.f.DefaultMavenResourcesFiltering - skip non existing resourceDirectory C:\Projeto-SpringBoot-Webservices\Projeto-SpringBoot-Rest\src\test\resources
2022-12-02 07:17:56,202 [Worker-12: Building] INFO  o.a.m.s.f.DefaultMavenResourcesFiltering - Copying 2 resources
2022-12-02 07:17:56,239 [Worker-12: Building] INFO  o.a.m.s.f.DefaultMavenResourcesFiltering - Copying 0 resource
2022-12-02 07:17:56,244 [Worker-12: Building] INFO  o.a.m.s.f.DefaultMavenResourcesFiltering - skip non existing resourceDirectory C:\Projeto-SpringBoot-Webservices\Projeto-SpringBoot-Rest\src\test\resources
2022-12-02 07:19:49,668 [Worker-3: Building] INFO  o.a.m.s.f.DefaultMavenResourcesFiltering - Copying 2 resources
2022-12-02 07:19:49,679 [Worker-3: Building] INFO  o.a.m.s.f.DefaultMavenResourcesFiltering - Copying 0 resource
2022-12-02 07:19:49,682 [Worker-3: Building] INFO  o.a.m.s.f.DefaultMavenResourcesFiltering - skip non existing resourceDirectory C:\Projeto-SpringBoot-Webservices\Projeto-SpringBoot-Rest\src\test\resources
2022-12-02 07:24:49,263 [Worker-15: Launching WebServices - WebServicesApplication] INFO  o.a.m.s.f.DefaultMavenResourcesFiltering - Copying 2 resources
2022-12-02 07:24:49,297 [Worker-15: Launching WebServices - WebServicesApplication] INFO  o.a.m.s.f.DefaultMavenResourcesFiltering - Copying 0 resource
2022-12-02 07:24:49,323 [Worker-15: Launching WebServices - WebServicesApplication] INFO  o.a.m.s.f.DefaultMavenResourcesFiltering - skip non existing resourceDirectory C:\Projeto-SpringBoot-Webservices\Projeto-SpringBoot-Rest\src\test\resources
2022-12-05 19:02:27,911 [Worker-1: Loading available Gradle versions] INFO  o.e.b.c.i.u.g.PublishedGradleVersions - Gradle version information cache is up-to-date. Trying to read.
2022-12-06 19:15:39,999 [Worker-4: Loading available Gradle versions] INFO  o.e.b.c.i.u.g.PublishedGradleVersions - Gradle version information cache is out-of-date. Trying to update.
2022-12-06 19:19:16,393 [Worker-5: Building] INFO  o.a.m.s.f.DefaultMavenResourcesFiltering - Copying 2 resources
2022-12-06 19:19:16,433 [Worker-5: Building] INFO  o.a.m.s.f.DefaultMavenResourcesFiltering - Copying 0 resource
2022-12-06 19:19:16,437 [Worker-5: Building] INFO  o.a.m.s.f.DefaultMavenResourcesFiltering - skip non existing resourceDirectory C:\Projeto-SpringBoot-Webservices\Projeto-SpringBoot-Rest\src\test\resources
2022-12-06 19:19:47,224 [Worker-11: Building] INFO  o.a.m.s.f.DefaultMavenResourcesFiltering - Copying 2 resources
2022-12-06 19:19:47,233 [Worker-11: Building] INFO  o.a.m.s.f.DefaultMavenResourcesFiltering - Copying 0 resource
2022-12-06 19:19:47,240 [Worker-11: Building] INFO  o.a.m.s.f.DefaultMavenResourcesFiltering - skip non existing resourceDirectory C:\Projeto-SpringBoot-Webservices\Projeto-SpringBoot-Rest\src\test\resources
2022-12-06 19:20:02,796 [Worker-13: Building] INFO  o.a.m.s.f.DefaultMavenResourcesFiltering - Copying 2 resources
2022-12-06 19:20:02,805 [Worker-13: Building] INFO  o.a.m.s.f.DefaultMavenResourcesFiltering - Copying 0 resource
2022-12-06 19:20:02,808 [Worker-13: Building] INFO  o.a.m.s.f.DefaultMavenResourcesFiltering - skip non existing resourceDirectory C:\Projeto-SpringBoot-Webservices\Projeto-SpringBoot-Rest\src\test\resources
2022-12-06 19:20:14,858 [Worker-5: Building] INFO  o.a.m.s.f.DefaultMavenResourcesFiltering - Copying 2 resources
2022-12-06 19:20:14,868 [Worker-5: Building] INFO  o.a.m.s.f.DefaultMavenResourcesFiltering - Copying 0 resource
2022-12-06 19:20:14,871 [Worker-5: Building] INFO  o.a.m.s.f.DefaultMavenResourcesFiltering - skip non existing resourceDirectory C:\Projeto-SpringBoot-Webservices\Projeto-SpringBoot-Rest\src\test\resources
2022-12-06 19:20:25,565 [Worker-11: Building] INFO  o.a.m.s.f.DefaultMavenResourcesFiltering - Copying 2 resources
2022-12-06 19:20:25,572 [Worker-11: Building] INFO  o.a.m.s.f.DefaultMavenResourcesFiltering - Copying 0 resource
2022-12-06 19:20:25,576 [Worker-11: Building] INFO  o.a.m.s.f.DefaultMavenResourcesFiltering - skip non existing resourceDirectory C:\Projeto-SpringBoot-Webservices\Projeto-SpringBoot-Rest\src\test\resources
